01/01/2024 20:03:13:924  INFO - Node Entry | session id:sess4067013 | QatarIVR:Start | Framework | Start |  |  | 
01/01/2024 20:03:14:621  INFO - Node Entry | session id:sess4067013 | QatarIVR:LoadInitValues | Framework | LoadInitValues |  |  | undefined
01/01/2024 20:03:16:052  INFO - Node Entry | session id:sess4067013 | QatarIVR:DynamicFetchNode | Framework | DynamicFetchNode |  |  | undefined
01/01/2024 20:03:16:113  INFO - Node Entry | session id:sess4067013 | QatarIVR:DynamicData | Framework | DynamicData |  |  | undefined
01/01/2024 20:03:16:192  INFO - Node Entry | session id:sess4067013 | QatarIVR:SetFetchTimeout | Framework | SetFetchTimeout |  |  | undefined
01/01/2024 20:03:16:255  INFO - Node Entry | session id:sess4067013 | QatarIVR:DynamicFetchNode | Framework | DynamicFetchNode |  |  | undefined
01/01/2024 20:03:16:317  INFO - Node Entry | session id:sess4067013 | QatarIVR:DynamicData | Framework | DynamicData |  |  | undefined
01/01/2024 20:03:16:378  INFO - Node Entry | session id:sess4067013 | QatarIVR:SetFetchTimeout | Framework | SetFetchTimeout |  |  | undefined
01/01/2024 20:03:16:441  INFO - Node Entry | session id:sess4067013 | QatarIVR:DynamicFetchNode | Framework | DynamicFetchNode |  |  | undefined
01/01/2024 20:03:16:503  INFO - Node Entry | session id:sess4067013 | QatarIVR:DynamicData | Framework | DynamicData |  |  | undefined
01/01/2024 20:03:19:868  INFO - Node Entry | session id:sess4067013 | QatarIVR:SetFetchTimeout | Framework | SetFetchTimeout |  |  | undefined
01/01/2024 20:03:19:946  INFO - Node Entry | session id:sess4067013 | QatarIVR:DynamicFetchNode | Framework | DynamicFetchNode |  |  | undefined
01/01/2024 20:03:20:009  INFO - Node Entry | session id:sess4067013 | QatarIVR:PreAnnouncement | Framework | PreAnnouncement |  |  | undefined
01/01/2024 20:03:20:072  INFO - Node Entry | session id:sess4067013 | QatarIVR:DynamicAnnouncement | Framework | DynamicAnnouncement |  |  | undefined
01/01/2024 20:03:22:757  INFO - Node Entry | session id:sess4067013 | QatarIVR:PostAnnouncement | Framework | PostAnnouncement |  |  | undefined
01/01/2024 20:03:22:810  INFO - Node Entry | session id:sess4067013 | QatarIVR:DynamicFetchNode | Framework | DynamicFetchNode |  |  | undefined
01/01/2024 20:03:22:861  INFO - Node Entry | session id:sess4067013 | QatarIVR:DynamicData | Framework | DynamicData |  |  | undefined
01/01/2024 20:03:22:915  INFO - Node Entry | session id:sess4067013 | QatarIVR:SetFetchTimeout | Framework | SetFetchTimeout |  |  | undefined
01/01/2024 20:03:22:974  INFO - Node Entry | session id:sess4067013 | QatarIVR:DynamicFetchNode | Framework | DynamicFetchNode |  |  | undefined
01/01/2024 20:03:23:025  INFO - Node Entry | session id:sess4067013 | QatarIVR:PreAnnouncement | Framework | PreAnnouncement |  |  | undefined
01/01/2024 20:03:23:075  INFO - Node Entry | session id:sess4067013 | QatarIVR:DynamicAnnouncement | Framework | DynamicAnnouncement |  |  | undefined
01/01/2024 20:03:23:155  INFO - Node Entry | session id:sess4067013 | QatarIVR:PostAnnouncement | Framework | PostAnnouncement |  |  | undefined
01/01/2024 20:03:23:207  INFO - Node Entry | session id:sess4067013 | QatarIVR:DynamicFetchNode | Framework | DynamicFetchNode |  |  | undefined
01/01/2024 20:03:23:259  INFO - Node Entry | session id:sess4067013 | QatarIVR:DynamicData | Framework | DynamicData |  |  | undefined
01/01/2024 20:03:23:315  INFO - Node Entry | session id:sess4067013 | QatarIVR:SetFetchTimeout | Framework | SetFetchTimeout |  |  | undefined
01/01/2024 20:03:23:371  INFO - Node Entry | session id:sess4067013 | QatarIVR:DynamicFetchNode | Framework | DynamicFetchNode |  |  | undefined
01/01/2024 20:03:23:424  INFO - Node Entry | session id:sess4067013 | QatarIVR:DynamicData | Framework | DynamicData |  |  | undefined
01/01/2024 20:03:23:479  INFO - Node Entry | session id:sess4067013 | QatarIVR:SetFetchTimeout | Framework | SetFetchTimeout |  |  | undefined
01/01/2024 20:03:23:535  INFO - Node Entry | session id:sess4067013 | QatarIVR:DynamicFetchNode | Framework | DynamicFetchNode |  |  | undefined
01/01/2024 20:03:23:586  INFO - Node Entry | session id:sess4067013 | QatarIVR:DynamicData | Framework | DynamicData |  |  | undefined
01/01/2024 20:03:23:641  INFO - Node Entry | session id:sess4067013 | QatarIVR:SetFetchTimeout | Framework | SetFetchTimeout |  |  | undefined
01/01/2024 20:03:23:699  INFO - Node Entry | session id:sess4067013 | QatarIVR:DynamicFetchNode | Framework | DynamicFetchNode |  |  | undefined
01/01/2024 20:03:23:752  INFO - Node Entry | session id:sess4067013 | QatarIVR:DynamicData | Framework | DynamicData |  |  | undefined
01/01/2024 20:03:23:803  INFO - Node Entry | session id:sess4067013 | QatarIVR:SetFetchTimeout | Framework | SetFetchTimeout |  |  | undefined
01/01/2024 20:03:23:859  INFO - Node Entry | session id:sess4067013 | QatarIVR:DynamicFetchNode | Framework | DynamicFetchNode |  |  | undefined
01/01/2024 20:03:23:911  INFO - Node Entry | session id:sess4067013 | QatarIVR:DynamicData | Framework | DynamicData |  |  | undefined
01/01/2024 20:03:23:965  INFO - Node Entry | session id:sess4067013 | QatarIVR:SetFetchTimeout | Framework | SetFetchTimeout |  |  | undefined
01/01/2024 20:03:24:019  INFO - Node Entry | session id:sess4067013 | QatarIVR:DynamicFetchNode | Framework | DynamicFetchNode |  |  | undefined
01/01/2024 20:03:24:070  INFO - Node Entry | session id:sess4067013 | QatarIVR:PreMenu | Framework | PreMenu |  |  | undefined
01/01/2024 20:03:24:122  INFO - Node Entry | session id:sess4067013 | QatarIVR:DynamicMenu | Framework | DynamicMenu |  |  | undefined
01/01/2024 20:03:28:348  INFO - Node Entry | session id:sess4067013 | QatarIVR:PostMenu | Framework | PostMenu | DynamicMenu___utterance | 1^0.949999988079071^0^0 | undefined
01/01/2024 20:03:28:400  INFO - Node Entry | session id:sess4067013 | QatarIVR:DynamicFetchNode | Framework | DynamicFetchNode |  |  | undefined
01/01/2024 20:03:28:454  INFO - Node Entry | session id:sess4067013 | QatarIVR:PrePC | Framework | PrePC |  |  | undefined
01/01/2024 20:03:28:510  INFO - Node Entry | session id:sess4067013 | QatarIVR:DynamicPC | Framework | DynamicPC |  |  | undefined
01/01/2024 20:03:34:844  INFO - Node Entry | session id:sess4067013 | QatarIVR:RestrictCarryForwardDTMF | Framework | RestrictCarryForwardDTMF | DynamicPC___utterance | 888999555^0.949999988079071^0^0 | undefined
01/01/2024 20:03:34:920  INFO - Node Entry | session id:sess4067013 | QatarIVR:PostPC | Framework | PostPC |  |  | undefined
01/01/2024 20:03:34:971  INFO - Node Entry | session id:sess4067013 | QatarIVR:DynamicFetchNode | Framework | DynamicFetchNode |  |  | undefined
01/01/2024 20:03:35:024  INFO - Node Entry | session id:sess4067013 | QatarIVR:DynamicData | Framework | DynamicData |  |  | undefined
01/01/2024 20:03:35:419  INFO - Node Entry | session id:sess4067013 | QatarIVR:SetFetchTimeout | Framework | SetFetchTimeout |  |  | undefined
01/01/2024 20:03:35:474  INFO - Node Entry | session id:sess4067013 | QatarIVR:DynamicFetchNode | Framework | DynamicFetchNode |  |  | undefined
01/01/2024 20:03:35:526  INFO - Node Entry | session id:sess4067013 | QatarIVR:DynamicData | Framework | DynamicData |  |  | undefined
01/01/2024 20:03:35:582  INFO - Node Entry | session id:sess4067013 | QatarIVR:SetFetchTimeout | Framework | SetFetchTimeout |  |  | undefined
01/01/2024 20:03:35:642  INFO - Node Entry | session id:sess4067013 | QatarIVR:DynamicFetchNode | Framework | DynamicFetchNode |  |  | undefined
01/01/2024 20:03:35:693  INFO - Node Entry | session id:sess4067013 | QatarIVR:DynamicData | Framework | DynamicData |  |  | undefined
01/01/2024 20:03:35:746  INFO - Node Entry | session id:sess4067013 | QatarIVR:SetFetchTimeout | Framework | SetFetchTimeout |  |  | undefined
01/01/2024 20:03:35:802  INFO - Node Entry | session id:sess4067013 | QatarIVR:DynamicFetchNode | Framework | DynamicFetchNode |  |  | undefined
01/01/2024 20:03:35:854  INFO - Node Entry | session id:sess4067013 | QatarIVR:PreAnnouncement | Framework | PreAnnouncement |  |  | undefined
01/01/2024 20:03:35:905  INFO - Node Entry | session id:sess4067013 | QatarIVR:DynamicAnnouncement | Framework | DynamicAnnouncement |  |  | undefined
01/01/2024 20:03:39:216  INFO - Node Entry | session id:sess4067013 | QatarIVR:PostAnnouncement | Framework | PostAnnouncement |  |  | undefined
01/01/2024 20:03:39:270  INFO - Node Entry | session id:sess4067013 | QatarIVR:DynamicFetchNode | Framework | DynamicFetchNode |  |  | undefined
01/01/2024 20:03:39:322  INFO - Node Entry | session id:sess4067013 | QatarIVR:PreMenu | Framework | PreMenu |  |  | undefined
01/01/2024 20:03:39:374  INFO - Node Entry | session id:sess4067013 | QatarIVR:DynamicMenu | Framework | DynamicMenu |  |  | undefined
01/01/2024 20:03:39:431  INFO - Node Entry | session id:sess4067013 | QatarIVR:ConDisconnectHangup | Framework | ConDisconnectHangup |  |  | undefined
01/01/2024 20:03:39:484  INFO - Node Entry | session id:sess4067013 | QatarIVR:IsCallHistoryInserted | Framework | IsCallHistoryInserted |  |  | undefined
01/01/2024 20:03:39:537  INFO - Node Entry | session id:sess4067013 | QatarIVR:InsertCallHistory | Framework | InsertCallHistory |  |  | undefined
01/01/2024 20:03:39:603  INFO - Node Entry | session id:sess4067013 | QatarIVR:Disconnect | Framework | Disconnect |  |  | undefined
01/01/2024 20:03:39:655  INFO - Node Entry | session id:sess4067013 | QatarIVR:CallDisconnect | Framework | CallDisconnect |  |  | undefined
01/01/2024 20:03:39:714  INFO - Node Entry | session id:sess4067013 | QatarIVR:Exit | Framework | Exit |  | ^^0^0 | undefined
01/01/2024 20:03:39:716  INFO - Application Exit | session id:sess4067013 | QatarIVR:Exit | Framework | Application Exiting |  |  | undefined
01/01/2024 20:27:42:800  INFO - Node Entry | session id:sess6847303 | QatarIVR:Start | Framework | Start |  |  | 
01/01/2024 20:27:42:889  INFO - Node Entry | session id:sess6847303 | QatarIVR:LoadInitValues | Framework | LoadInitValues |  |  | undefined
01/01/2024 20:27:43:537  INFO - Node Entry | session id:sess6847303 | QatarIVR:DynamicFetchNode | Framework | DynamicFetchNode |  |  | undefined
01/01/2024 20:27:43:590  INFO - Node Entry | session id:sess6847303 | QatarIVR:DynamicData | Framework | DynamicData |  |  | undefined
01/01/2024 20:27:43:648  INFO - Node Entry | session id:sess6847303 | QatarIVR:SetFetchTimeout | Framework | SetFetchTimeout |  |  | undefined
01/01/2024 20:27:43:706  INFO - Node Entry | session id:sess6847303 | QatarIVR:DynamicFetchNode | Framework | DynamicFetchNode |  |  | undefined
01/01/2024 20:27:43:758  INFO - Node Entry | session id:sess6847303 | QatarIVR:DynamicData | Framework | DynamicData |  |  | undefined
01/01/2024 20:27:43:811  INFO - Node Entry | session id:sess6847303 | QatarIVR:SetFetchTimeout | Framework | SetFetchTimeout |  |  | undefined
01/01/2024 20:27:43:868  INFO - Node Entry | session id:sess6847303 | QatarIVR:DynamicFetchNode | Framework | DynamicFetchNode |  |  | undefined
01/01/2024 20:27:43:921  INFO - Node Entry | session id:sess6847303 | QatarIVR:DynamicData | Framework | DynamicData |  |  | undefined
01/01/2024 20:27:47:209  INFO - Node Entry | session id:sess6847303 | QatarIVR:SetFetchTimeout | Framework | SetFetchTimeout |  |  | undefined
01/01/2024 20:27:47:286  INFO - Node Entry | session id:sess6847303 | QatarIVR:DynamicFetchNode | Framework | DynamicFetchNode |  |  | undefined
01/01/2024 20:27:47:348  INFO - Node Entry | session id:sess6847303 | QatarIVR:PreAnnouncement | Framework | PreAnnouncement |  |  | undefined
01/01/2024 20:27:47:427  INFO - Node Entry | session id:sess6847303 | QatarIVR:DynamicAnnouncement | Framework | DynamicAnnouncement |  |  | undefined
01/01/2024 20:27:50:635  INFO - Node Entry | session id:sess6847303 | QatarIVR:PostAnnouncement | Framework | PostAnnouncement |  |  | undefined
01/01/2024 20:27:50:686  INFO - Node Entry | session id:sess6847303 | QatarIVR:DynamicFetchNode | Framework | DynamicFetchNode |  |  | undefined
01/01/2024 20:27:50:739  INFO - Node Entry | session id:sess6847303 | QatarIVR:DynamicData | Framework | DynamicData |  |  | undefined
01/01/2024 20:27:50:790  INFO - Node Entry | session id:sess6847303 | QatarIVR:SetFetchTimeout | Framework | SetFetchTimeout |  |  | undefined
01/01/2024 20:27:50:853  INFO - Node Entry | session id:sess6847303 | QatarIVR:DynamicFetchNode | Framework | DynamicFetchNode |  |  | undefined
01/01/2024 20:27:50:907  INFO - Node Entry | session id:sess6847303 | QatarIVR:PreAnnouncement | Framework | PreAnnouncement |  |  | undefined
01/01/2024 20:27:50:966  INFO - Node Entry | session id:sess6847303 | QatarIVR:DynamicAnnouncement | Framework | DynamicAnnouncement |  |  | undefined
01/01/2024 20:27:51:044  INFO - Node Entry | session id:sess6847303 | QatarIVR:PostAnnouncement | Framework | PostAnnouncement |  |  | undefined
01/01/2024 20:27:51:095  INFO - Node Entry | session id:sess6847303 | QatarIVR:DynamicFetchNode | Framework | DynamicFetchNode |  |  | undefined
01/01/2024 20:27:51:147  INFO - Node Entry | session id:sess6847303 | QatarIVR:DynamicData | Framework | DynamicData |  |  | undefined
01/01/2024 20:27:51:203  INFO - Node Entry | session id:sess6847303 | QatarIVR:SetFetchTimeout | Framework | SetFetchTimeout |  |  | undefined
01/01/2024 20:27:51:268  INFO - Node Entry | session id:sess6847303 | QatarIVR:DynamicFetchNode | Framework | DynamicFetchNode |  |  | undefined
01/01/2024 20:27:51:319  INFO - Node Entry | session id:sess6847303 | QatarIVR:DynamicData | Framework | DynamicData |  |  | undefined
01/01/2024 20:27:51:382  INFO - Node Entry | session id:sess6847303 | QatarIVR:SetFetchTimeout | Framework | SetFetchTimeout |  |  | undefined
01/01/2024 20:27:51:445  INFO - Node Entry | session id:sess6847303 | QatarIVR:DynamicFetchNode | Framework | DynamicFetchNode |  |  | undefined
01/01/2024 20:27:51:508  INFO - Node Entry | session id:sess6847303 | QatarIVR:DynamicData | Framework | DynamicData |  |  | undefined
01/01/2024 20:27:51:571  INFO - Node Entry | session id:sess6847303 | QatarIVR:SetFetchTimeout | Framework | SetFetchTimeout |  |  | undefined
01/01/2024 20:27:51:650  INFO - Node Entry | session id:sess6847303 | QatarIVR:DynamicFetchNode | Framework | DynamicFetchNode |  |  | undefined
01/01/2024 20:27:51:712  INFO - Node Entry | session id:sess6847303 | QatarIVR:DynamicData | Framework | DynamicData |  |  | undefined
01/01/2024 20:27:51:774  INFO - Node Entry | session id:sess6847303 | QatarIVR:SetFetchTimeout | Framework | SetFetchTimeout |  |  | undefined
01/01/2024 20:27:51:853  INFO - Node Entry | session id:sess6847303 | QatarIVR:DynamicFetchNode | Framework | DynamicFetchNode |  |  | undefined
01/01/2024 20:27:51:915  INFO - Node Entry | session id:sess6847303 | QatarIVR:DynamicData | Framework | DynamicData |  |  | undefined
01/01/2024 20:27:51:978  INFO - Node Entry | session id:sess6847303 | QatarIVR:SetFetchTimeout | Framework | SetFetchTimeout |  |  | undefined
01/01/2024 20:27:52:056  INFO - Node Entry | session id:sess6847303 | QatarIVR:DynamicFetchNode | Framework | DynamicFetchNode |  |  | undefined
01/01/2024 20:27:52:118  INFO - Node Entry | session id:sess6847303 | QatarIVR:PreMenu | Framework | PreMenu |  |  | undefined
01/01/2024 20:27:52:182  INFO - Node Entry | session id:sess6847303 | QatarIVR:DynamicMenu | Framework | DynamicMenu |  |  | undefined
01/01/2024 20:27:56:870  INFO - Node Entry | session id:sess6847303 | QatarIVR:PostMenu | Framework | PostMenu | DynamicMenu___utterance | 1^0.949999988079071^0^0 | undefined
01/01/2024 20:27:56:923  INFO - Node Entry | session id:sess6847303 | QatarIVR:DynamicFetchNode | Framework | DynamicFetchNode |  |  | undefined
01/01/2024 20:27:56:976  INFO - Node Entry | session id:sess6847303 | QatarIVR:PrePC | Framework | PrePC |  |  | undefined
01/01/2024 20:27:57:029  INFO - Node Entry | session id:sess6847303 | QatarIVR:DynamicPC | Framework | DynamicPC |  |  | undefined
01/01/2024 20:28:06:277  INFO - Node Entry | session id:sess6847303 | QatarIVR:RestrictCarryForwardDTMF | Framework | RestrictCarryForwardDTMF | DynamicPC___utterance | 555666888^0.949999988079071^0^0 | undefined
01/01/2024 20:28:06:338  INFO - Node Entry | session id:sess6847303 | QatarIVR:PostPC | Framework | PostPC |  |  | undefined
01/01/2024 20:28:06:389  INFO - Node Entry | session id:sess6847303 | QatarIVR:DynamicFetchNode | Framework | DynamicFetchNode |  |  | undefined
01/01/2024 20:28:06:442  INFO - Node Entry | session id:sess6847303 | QatarIVR:DynamicData | Framework | DynamicData |  |  | undefined
01/01/2024 20:28:07:019  INFO - Node Entry | session id:sess6847303 | QatarIVR:SetFetchTimeout | Framework | SetFetchTimeout |  |  | undefined
01/01/2024 20:28:07:075  INFO - Node Entry | session id:sess6847303 | QatarIVR:DynamicFetchNode | Framework | DynamicFetchNode |  |  | undefined
01/01/2024 20:28:07:127  INFO - Node Entry | session id:sess6847303 | QatarIVR:DynamicData | Framework | DynamicData |  |  | undefined
01/01/2024 20:28:07:179  INFO - Node Entry | session id:sess6847303 | QatarIVR:SetFetchTimeout | Framework | SetFetchTimeout |  |  | undefined
01/01/2024 20:28:07:235  INFO - Node Entry | session id:sess6847303 | QatarIVR:DynamicFetchNode | Framework | DynamicFetchNode |  |  | undefined
01/01/2024 20:28:07:287  INFO - Node Entry | session id:sess6847303 | QatarIVR:DynamicData | Framework | DynamicData |  |  | undefined
01/01/2024 20:28:07:339  INFO - Node Entry | session id:sess6847303 | QatarIVR:SetFetchTimeout | Framework | SetFetchTimeout |  |  | undefined
01/01/2024 20:28:07:395  INFO - Node Entry | session id:sess6847303 | QatarIVR:DynamicFetchNode | Framework | DynamicFetchNode |  |  | undefined
01/01/2024 20:28:07:446  INFO - Node Entry | session id:sess6847303 | QatarIVR:PreAnnouncement | Framework | PreAnnouncement |  |  | undefined
01/01/2024 20:28:07:497  INFO - Node Entry | session id:sess6847303 | QatarIVR:DynamicAnnouncement | Framework | DynamicAnnouncement |  |  | undefined
01/01/2024 20:28:10:798  INFO - Node Entry | session id:sess6847303 | QatarIVR:PostAnnouncement | Framework | PostAnnouncement |  |  | undefined
01/01/2024 20:28:10:851  INFO - Node Entry | session id:sess6847303 | QatarIVR:DynamicFetchNode | Framework | DynamicFetchNode |  |  | undefined
01/01/2024 20:28:10:903  INFO - Node Entry | session id:sess6847303 | QatarIVR:PreMenu | Framework | PreMenu |  |  | undefined
01/01/2024 20:28:10:955  INFO - Node Entry | session id:sess6847303 | QatarIVR:DynamicMenu | Framework | DynamicMenu |  |  | undefined
01/01/2024 20:28:11:019  INFO - Node Entry | session id:sess6847303 | QatarIVR:ConDisconnectHangup | Framework | ConDisconnectHangup |  |  | undefined
01/01/2024 20:28:11:073  INFO - Node Entry | session id:sess6847303 | QatarIVR:IsCallHistoryInserted | Framework | IsCallHistoryInserted |  |  | undefined
01/01/2024 20:28:11:124  INFO - Node Entry | session id:sess6847303 | QatarIVR:InsertCallHistory | Framework | InsertCallHistory |  |  | undefined
01/01/2024 20:28:11:182  INFO - Node Entry | session id:sess6847303 | QatarIVR:Disconnect | Framework | Disconnect |  |  | undefined
01/01/2024 20:28:11:234  INFO - Node Entry | session id:sess6847303 | QatarIVR:CallDisconnect | Framework | CallDisconnect |  |  | undefined
01/01/2024 20:28:11:288  INFO - Node Entry | session id:sess6847303 | QatarIVR:Exit | Framework | Exit |  | ^^0^0 | undefined
01/01/2024 20:28:11:292  INFO - Application Exit | session id:sess6847303 | QatarIVR:Exit | Framework | Application Exiting |  |  | undefined
01/01/2024 20:34:08:611  INFO - Node Entry | session id:sess7729492 | QatarIVR:Start | Framework | Start |  |  | 
01/01/2024 20:34:08:675  INFO - Node Entry | session id:sess7729492 | QatarIVR:LoadInitValues | Framework | LoadInitValues |  |  | undefined
01/01/2024 20:34:09:233  INFO - Node Entry | session id:sess7729492 | QatarIVR:DynamicFetchNode | Framework | DynamicFetchNode |  |  | undefined
01/01/2024 20:34:09:284  INFO - Node Entry | session id:sess7729492 | QatarIVR:DynamicData | Framework | DynamicData |  |  | undefined
01/01/2024 20:34:09:336  INFO - Node Entry | session id:sess7729492 | QatarIVR:SetFetchTimeout | Framework | SetFetchTimeout |  |  | undefined
01/01/2024 20:34:09:391  INFO - Node Entry | session id:sess7729492 | QatarIVR:DynamicFetchNode | Framework | DynamicFetchNode |  |  | undefined
01/01/2024 20:34:09:444  INFO - Node Entry | session id:sess7729492 | QatarIVR:DynamicData | Framework | DynamicData |  |  | undefined
01/01/2024 20:34:09:495  INFO - Node Entry | session id:sess7729492 | QatarIVR:SetFetchTimeout | Framework | SetFetchTimeout |  |  | undefined
01/01/2024 20:34:09:556  INFO - Node Entry | session id:sess7729492 | QatarIVR:DynamicFetchNode | Framework | DynamicFetchNode |  |  | undefined
01/01/2024 20:34:09:607  INFO - Node Entry | session id:sess7729492 | QatarIVR:DynamicData | Framework | DynamicData |  |  | undefined
01/01/2024 20:34:12:661  INFO - Node Entry | session id:sess7729492 | QatarIVR:SetFetchTimeout | Framework | SetFetchTimeout |  |  | undefined
01/01/2024 20:34:12:716  INFO - Node Entry | session id:sess7729492 | QatarIVR:DynamicFetchNode | Framework | DynamicFetchNode |  |  | undefined
01/01/2024 20:34:12:767  INFO - Node Entry | session id:sess7729492 | QatarIVR:PreAnnouncement | Framework | PreAnnouncement |  |  | undefined
01/01/2024 20:34:12:819  INFO - Node Entry | session id:sess7729492 | QatarIVR:DynamicAnnouncement | Framework | DynamicAnnouncement |  |  | undefined
01/01/2024 20:34:15:875  INFO - Node Entry | session id:sess7729492 | QatarIVR:PostAnnouncement | Framework | PostAnnouncement |  |  | undefined
01/01/2024 20:34:15:926  INFO - Node Entry | session id:sess7729492 | QatarIVR:DynamicFetchNode | Framework | DynamicFetchNode |  |  | undefined
01/01/2024 20:34:15:979  INFO - Node Entry | session id:sess7729492 | QatarIVR:DynamicData | Framework | DynamicData |  |  | undefined
01/01/2024 20:34:16:032  INFO - Node Entry | session id:sess7729492 | QatarIVR:SetFetchTimeout | Framework | SetFetchTimeout |  |  | undefined
01/01/2024 20:34:16:088  INFO - Node Entry | session id:sess7729492 | QatarIVR:DynamicFetchNode | Framework | DynamicFetchNode |  |  | undefined
01/01/2024 20:34:16:138  INFO - Node Entry | session id:sess7729492 | QatarIVR:PreAnnouncement | Framework | PreAnnouncement |  |  | undefined
01/01/2024 20:34:16:190  INFO - Node Entry | session id:sess7729492 | QatarIVR:DynamicAnnouncement | Framework | DynamicAnnouncement |  |  | undefined
01/01/2024 20:34:16:247  INFO - Node Entry | session id:sess7729492 | QatarIVR:PostAnnouncement | Framework | PostAnnouncement |  |  | undefined
01/01/2024 20:34:16:300  INFO - Node Entry | session id:sess7729492 | QatarIVR:DynamicFetchNode | Framework | DynamicFetchNode |  |  | undefined
01/01/2024 20:34:16:352  INFO - Node Entry | session id:sess7729492 | QatarIVR:DynamicData | Framework | DynamicData |  |  | undefined
01/01/2024 20:34:16:403  INFO - Node Entry | session id:sess7729492 | QatarIVR:SetFetchTimeout | Framework | SetFetchTimeout |  |  | undefined
01/01/2024 20:34:16:458  INFO - Node Entry | session id:sess7729492 | QatarIVR:DynamicFetchNode | Framework | DynamicFetchNode |  |  | undefined
01/01/2024 20:34:16:509  INFO - Node Entry | session id:sess7729492 | QatarIVR:DynamicData | Framework | DynamicData |  |  | undefined
01/01/2024 20:34:16:563  INFO - Node Entry | session id:sess7729492 | QatarIVR:SetFetchTimeout | Framework | SetFetchTimeout |  |  | undefined
01/01/2024 20:34:16:624  INFO - Node Entry | session id:sess7729492 | QatarIVR:DynamicFetchNode | Framework | DynamicFetchNode |  |  | undefined
01/01/2024 20:34:16:675  INFO - Node Entry | session id:sess7729492 | QatarIVR:DynamicData | Framework | DynamicData |  |  | undefined
01/01/2024 20:34:16:727  INFO - Node Entry | session id:sess7729492 | QatarIVR:SetFetchTimeout | Framework | SetFetchTimeout |  |  | undefined
01/01/2024 20:34:16:781  INFO - Node Entry | session id:sess7729492 | QatarIVR:DynamicFetchNode | Framework | DynamicFetchNode |  |  | undefined
01/01/2024 20:34:16:833  INFO - Node Entry | session id:sess7729492 | QatarIVR:DynamicData | Framework | DynamicData |  |  | undefined
01/01/2024 20:34:16:886  INFO - Node Entry | session id:sess7729492 | QatarIVR:SetFetchTimeout | Framework | SetFetchTimeout |  |  | undefined
01/01/2024 20:34:16:945  INFO - Node Entry | session id:sess7729492 | QatarIVR:DynamicFetchNode | Framework | DynamicFetchNode |  |  | undefined
01/01/2024 20:34:16:997  INFO - Node Entry | session id:sess7729492 | QatarIVR:DynamicData | Framework | DynamicData |  |  | undefined
01/01/2024 20:34:17:050  INFO - Node Entry | session id:sess7729492 | QatarIVR:SetFetchTimeout | Framework | SetFetchTimeout |  |  | undefined
01/01/2024 20:34:17:105  INFO - Node Entry | session id:sess7729492 | QatarIVR:DynamicFetchNode | Framework | DynamicFetchNode |  |  | undefined
01/01/2024 20:34:17:156  INFO - Node Entry | session id:sess7729492 | QatarIVR:PreMenu | Framework | PreMenu |  |  | undefined
01/01/2024 20:34:17:208  INFO - Node Entry | session id:sess7729492 | QatarIVR:DynamicMenu | Framework | DynamicMenu |  |  | undefined
01/01/2024 20:34:21:442  INFO - Node Entry | session id:sess7729492 | QatarIVR:PostMenu | Framework | PostMenu | DynamicMenu___utterance | 1^0.949999988079071^0^0 | undefined
01/01/2024 20:34:21:493  INFO - Node Entry | session id:sess7729492 | QatarIVR:DynamicFetchNode | Framework | DynamicFetchNode |  |  | undefined
01/01/2024 20:34:21:546  INFO - Node Entry | session id:sess7729492 | QatarIVR:PrePC | Framework | PrePC |  |  | undefined
01/01/2024 20:34:21:597  INFO - Node Entry | session id:sess7729492 | QatarIVR:DynamicPC | Framework | DynamicPC |  |  | undefined
01/01/2024 20:34:30:989  INFO - Node Entry | session id:sess7729492 | QatarIVR:RestrictCarryForwardDTMF | Framework | RestrictCarryForwardDTMF | DynamicPC___utterance | 888666555^0.949999988079071^0^0 | undefined
01/01/2024 20:34:31:050  INFO - Node Entry | session id:sess7729492 | QatarIVR:PostPC | Framework | PostPC |  |  | undefined
01/01/2024 20:34:31:101  INFO - Node Entry | session id:sess7729492 | QatarIVR:DynamicFetchNode | Framework | DynamicFetchNode |  |  | undefined
01/01/2024 20:34:31:153  INFO - Node Entry | session id:sess7729492 | QatarIVR:DynamicData | Framework | DynamicData |  |  | undefined
01/01/2024 20:34:31:207  INFO - Node Entry | session id:sess7729492 | QatarIVR:SetFetchTimeout | Framework | SetFetchTimeout |  |  | undefined
01/01/2024 20:34:31:261  INFO - Node Entry | session id:sess7729492 | QatarIVR:DynamicFetchNode | Framework | DynamicFetchNode |  |  | undefined
01/01/2024 20:34:31:312  INFO - Node Entry | session id:sess7729492 | QatarIVR:DynamicData | Framework | DynamicData |  |  | undefined
01/01/2024 20:34:31:364  INFO - Node Entry | session id:sess7729492 | QatarIVR:SetFetchTimeout | Framework | SetFetchTimeout |  |  | undefined
01/01/2024 20:34:31:420  INFO - Node Entry | session id:sess7729492 | QatarIVR:DynamicFetchNode | Framework | DynamicFetchNode |  |  | undefined
01/01/2024 20:34:31:472  INFO - Node Entry | session id:sess7729492 | QatarIVR:DynamicData | Framework | DynamicData |  |  | undefined
01/01/2024 20:34:31:525  INFO - Node Entry | session id:sess7729492 | QatarIVR:SetFetchTimeout | Framework | SetFetchTimeout |  |  | undefined
01/01/2024 20:34:31:581  INFO - Node Entry | session id:sess7729492 | QatarIVR:DynamicFetchNode | Framework | DynamicFetchNode |  |  | undefined
01/01/2024 20:34:31:634  INFO - Node Entry | session id:sess7729492 | QatarIVR:PreAnnouncement | Framework | PreAnnouncement |  |  | undefined
01/01/2024 20:34:31:686  INFO - Node Entry | session id:sess7729492 | QatarIVR:DynamicAnnouncement | Framework | DynamicAnnouncement |  |  | undefined
01/01/2024 20:34:35:504  INFO - Node Entry | session id:sess7729492 | QatarIVR:PostAnnouncement | Framework | PostAnnouncement |  |  | undefined
01/01/2024 20:34:35:556  INFO - Node Entry | session id:sess7729492 | QatarIVR:DynamicFetchNode | Framework | DynamicFetchNode |  |  | undefined
01/01/2024 20:34:35:608  INFO - Node Entry | session id:sess7729492 | QatarIVR:PreMenu | Framework | PreMenu |  |  | undefined
01/01/2024 20:34:35:660  INFO - Node Entry | session id:sess7729492 | QatarIVR:DynamicMenu | Framework | DynamicMenu |  |  | undefined
01/01/2024 20:34:39:375  INFO - Node Entry | session id:sess7729492 | QatarIVR:ConDisconnectHangup | Framework | ConDisconnectHangup |  |  | undefined
01/01/2024 20:34:39:426  INFO - Node Entry | session id:sess7729492 | QatarIVR:IsCallHistoryInserted | Framework | IsCallHistoryInserted |  |  | undefined
01/01/2024 20:34:39:476  INFO - Node Entry | session id:sess7729492 | QatarIVR:InsertCallHistory | Framework | InsertCallHistory |  |  | undefined
01/01/2024 20:34:39:530  INFO - Node Entry | session id:sess7729492 | QatarIVR:Disconnect | Framework | Disconnect |  |  | undefined
01/01/2024 20:34:39:582  INFO - Node Entry | session id:sess7729492 | QatarIVR:CallDisconnect | Framework | CallDisconnect |  |  | undefined
01/01/2024 20:34:39:639  INFO - Node Entry | session id:sess7729492 | QatarIVR:Exit | Framework | Exit |  | ^^0^0 | undefined
01/01/2024 20:34:39:639  INFO - Application Exit | session id:sess7729492 | QatarIVR:Exit | Framework | Application Exiting |  |  | undefined
01/01/2024 20:38:19:233  INFO - Node Entry | session id:sess7587408 | QatarIVR:Start | Framework | Start |  |  | 
01/01/2024 20:38:19:334  INFO - Node Entry | session id:sess7587408 | QatarIVR:LoadInitValues | Framework | LoadInitValues |  |  | undefined
01/01/2024 20:38:19:910  INFO - Node Entry | session id:sess7587408 | QatarIVR:DynamicFetchNode | Framework | DynamicFetchNode |  |  | undefined
01/01/2024 20:38:19:968  INFO - Node Entry | session id:sess7587408 | QatarIVR:DynamicData | Framework | DynamicData |  |  | undefined
01/01/2024 20:38:20:024  INFO - Node Entry | session id:sess7587408 | QatarIVR:SetFetchTimeout | Framework | SetFetchTimeout |  |  | undefined
01/01/2024 20:38:20:080  INFO - Node Entry | session id:sess7587408 | QatarIVR:DynamicFetchNode | Framework | DynamicFetchNode |  |  | undefined
01/01/2024 20:38:20:132  INFO - Node Entry | session id:sess7587408 | QatarIVR:DynamicData | Framework | DynamicData |  |  | undefined
01/01/2024 20:38:20:192  INFO - Node Entry | session id:sess7587408 | QatarIVR:SetFetchTimeout | Framework | SetFetchTimeout |  |  | undefined
01/01/2024 20:38:20:248  INFO - Node Entry | session id:sess7587408 | QatarIVR:DynamicFetchNode | Framework | DynamicFetchNode |  |  | undefined
01/01/2024 20:38:20:301  INFO - Node Entry | session id:sess7587408 | QatarIVR:DynamicData | Framework | DynamicData |  |  | undefined
01/01/2024 20:38:23:601  INFO - Node Entry | session id:sess7587408 | QatarIVR:SetFetchTimeout | Framework | SetFetchTimeout |  |  | undefined
01/01/2024 20:38:23:663  INFO - Node Entry | session id:sess7587408 | QatarIVR:DynamicFetchNode | Framework | DynamicFetchNode |  |  | undefined
01/01/2024 20:38:23:725  INFO - Node Entry | session id:sess7587408 | QatarIVR:PreAnnouncement | Framework | PreAnnouncement |  |  | undefined
01/01/2024 20:38:23:803  INFO - Node Entry | session id:sess7587408 | QatarIVR:DynamicAnnouncement | Framework | DynamicAnnouncement |  |  | undefined
01/01/2024 20:38:27:610  INFO - Node Entry | session id:sess7587408 | QatarIVR:PostAnnouncement | Framework | PostAnnouncement |  |  | undefined
01/01/2024 20:38:27:662  INFO - Node Entry | session id:sess7587408 | QatarIVR:DynamicFetchNode | Framework | DynamicFetchNode |  |  | undefined
01/01/2024 20:38:27:713  INFO - Node Entry | session id:sess7587408 | QatarIVR:DynamicData | Framework | DynamicData |  |  | undefined
01/01/2024 20:38:27:765  INFO - Node Entry | session id:sess7587408 | QatarIVR:SetFetchTimeout | Framework | SetFetchTimeout |  |  | undefined
01/01/2024 20:38:27:821  INFO - Node Entry | session id:sess7587408 | QatarIVR:DynamicFetchNode | Framework | DynamicFetchNode |  |  | undefined
01/01/2024 20:38:27:874  INFO - Node Entry | session id:sess7587408 | QatarIVR:PreAnnouncement | Framework | PreAnnouncement |  |  | undefined
01/01/2024 20:38:27:932  INFO - Node Entry | session id:sess7587408 | QatarIVR:DynamicAnnouncement | Framework | DynamicAnnouncement |  |  | undefined
01/01/2024 20:38:27:992  INFO - Node Entry | session id:sess7587408 | QatarIVR:PostAnnouncement | Framework | PostAnnouncement |  |  | undefined
01/01/2024 20:38:28:043  INFO - Node Entry | session id:sess7587408 | QatarIVR:DynamicFetchNode | Framework | DynamicFetchNode |  |  | undefined
01/01/2024 20:38:28:094  INFO - Node Entry | session id:sess7587408 | QatarIVR:DynamicData | Framework | DynamicData |  |  | undefined
01/01/2024 20:38:28:150  INFO - Node Entry | session id:sess7587408 | QatarIVR:SetFetchTimeout | Framework | SetFetchTimeout |  |  | undefined
01/01/2024 20:38:28:215  INFO - Node Entry | session id:sess7587408 | QatarIVR:DynamicFetchNode | Framework | DynamicFetchNode |  |  | undefined
01/01/2024 20:38:28:265  INFO - Node Entry | session id:sess7587408 | QatarIVR:DynamicData | Framework | DynamicData |  |  | undefined
01/01/2024 20:38:28:331  INFO - Node Entry | session id:sess7587408 | QatarIVR:SetFetchTimeout | Framework | SetFetchTimeout |  |  | undefined
01/01/2024 20:38:28:395  INFO - Node Entry | session id:sess7587408 | QatarIVR:DynamicFetchNode | Framework | DynamicFetchNode |  |  | undefined
01/01/2024 20:38:28:458  INFO - Node Entry | session id:sess7587408 | QatarIVR:DynamicData | Framework | DynamicData |  |  | undefined
01/01/2024 20:38:28:521  INFO - Node Entry | session id:sess7587408 | QatarIVR:SetFetchTimeout | Framework | SetFetchTimeout |  |  | undefined
01/01/2024 20:38:28:585  INFO - Node Entry | session id:sess7587408 | QatarIVR:DynamicFetchNode | Framework | DynamicFetchNode |  |  | undefined
01/01/2024 20:38:28:646  INFO - Node Entry | session id:sess7587408 | QatarIVR:DynamicData | Framework | DynamicData |  |  | undefined
01/01/2024 20:38:28:699  INFO - Node Entry | session id:sess7587408 | QatarIVR:SetFetchTimeout | Framework | SetFetchTimeout |  |  | undefined
01/01/2024 20:38:28:757  INFO - Node Entry | session id:sess7587408 | QatarIVR:DynamicFetchNode | Framework | DynamicFetchNode |  |  | undefined
01/01/2024 20:38:28:808  INFO - Node Entry | session id:sess7587408 | QatarIVR:DynamicData | Framework | DynamicData |  |  | undefined
01/01/2024 20:38:28:860  INFO - Node Entry | session id:sess7587408 | QatarIVR:SetFetchTimeout | Framework | SetFetchTimeout |  |  | undefined
01/01/2024 20:38:28:916  INFO - Node Entry | session id:sess7587408 | QatarIVR:DynamicFetchNode | Framework | DynamicFetchNode |  |  | undefined
01/01/2024 20:38:28:969  INFO - Node Entry | session id:sess7587408 | QatarIVR:PreMenu | Framework | PreMenu |  |  | undefined
01/01/2024 20:38:29:022  INFO - Node Entry | session id:sess7587408 | QatarIVR:DynamicMenu | Framework | DynamicMenu |  |  | undefined
01/01/2024 20:38:30:707  INFO - Node Entry | session id:sess7587408 | QatarIVR:PostMenu | Framework | PostMenu | DynamicMenu___utterance | 1^0.949999988079071^0^0 | undefined
01/01/2024 20:38:30:763  INFO - Node Entry | session id:sess7587408 | QatarIVR:DynamicFetchNode | Framework | DynamicFetchNode |  |  | undefined
01/01/2024 20:38:30:816  INFO - Node Entry | session id:sess7587408 | QatarIVR:PrePC | Framework | PrePC |  |  | undefined
01/01/2024 20:38:30:871  INFO - Node Entry | session id:sess7587408 | QatarIVR:DynamicPC | Framework | DynamicPC |  |  | undefined
01/01/2024 20:38:38:347  INFO - Node Entry | session id:sess7587408 | QatarIVR:RestrictCarryForwardDTMF | Framework | RestrictCarryForwardDTMF | DynamicPC___utterance | 222000555^0.949999988079071^0^0 | undefined
01/01/2024 20:38:38:409  INFO - Node Entry | session id:sess7587408 | QatarIVR:PostPC | Framework | PostPC |  |  | undefined
01/01/2024 20:38:38:461  INFO - Node Entry | session id:sess7587408 | QatarIVR:DynamicFetchNode | Framework | DynamicFetchNode |  |  | undefined
01/01/2024 20:38:38:512  INFO - Node Entry | session id:sess7587408 | QatarIVR:DynamicData | Framework | DynamicData |  |  | undefined
01/01/2024 20:38:39:114  INFO - Node Entry | session id:sess7587408 | QatarIVR:SetFetchTimeout | Framework | SetFetchTimeout |  |  | undefined
01/01/2024 20:38:39:167  INFO - Node Entry | session id:sess7587408 | QatarIVR:DynamicFetchNode | Framework | DynamicFetchNode |  |  | undefined
01/01/2024 20:38:39:221  INFO - Node Entry | session id:sess7587408 | QatarIVR:DynamicData | Framework | DynamicData |  |  | undefined
01/01/2024 20:38:39:273  INFO - Node Entry | session id:sess7587408 | QatarIVR:SetFetchTimeout | Framework | SetFetchTimeout |  |  | undefined
01/01/2024 20:38:39:327  INFO - Node Entry | session id:sess7587408 | QatarIVR:DynamicFetchNode | Framework | DynamicFetchNode |  |  | undefined
01/01/2024 20:38:39:378  INFO - Node Entry | session id:sess7587408 | QatarIVR:DynamicData | Framework | DynamicData |  |  | undefined
01/01/2024 20:38:39:431  INFO - Node Entry | session id:sess7587408 | QatarIVR:SetFetchTimeout | Framework | SetFetchTimeout |  |  | undefined
01/01/2024 20:38:39:495  INFO - Node Entry | session id:sess7587408 | QatarIVR:DynamicFetchNode | Framework | DynamicFetchNode |  |  | undefined
01/01/2024 20:38:39:546  INFO - Node Entry | session id:sess7587408 | QatarIVR:PreAnnouncement | Framework | PreAnnouncement |  |  | undefined
01/01/2024 20:38:39:599  INFO - Node Entry | session id:sess7587408 | QatarIVR:DynamicAnnouncement | Framework | DynamicAnnouncement |  |  | undefined
01/01/2024 20:38:42:892  INFO - Node Entry | session id:sess7587408 | QatarIVR:PostAnnouncement | Framework | PostAnnouncement |  |  | undefined
01/01/2024 20:38:42:944  INFO - Node Entry | session id:sess7587408 | QatarIVR:DynamicFetchNode | Framework | DynamicFetchNode |  |  | undefined
01/01/2024 20:38:42:996  INFO - Node Entry | session id:sess7587408 | QatarIVR:PreMenu | Framework | PreMenu |  |  | undefined
01/01/2024 20:38:43:047  INFO - Node Entry | session id:sess7587408 | QatarIVR:DynamicMenu | Framework | DynamicMenu |  |  | undefined
01/01/2024 20:38:43:104  INFO - Node Entry | session id:sess7587408 | QatarIVR:ConDisconnectHangup | Framework | ConDisconnectHangup |  |  | undefined
01/01/2024 20:38:43:156  INFO - Node Entry | session id:sess7587408 | QatarIVR:IsCallHistoryInserted | Framework | IsCallHistoryInserted |  |  | undefined
01/01/2024 20:38:43:212  INFO - Node Entry | session id:sess7587408 | QatarIVR:InsertCallHistory | Framework | InsertCallHistory |  |  | undefined
01/01/2024 20:38:43:282  INFO - Node Entry | session id:sess7587408 | QatarIVR:Disconnect | Framework | Disconnect |  |  | undefined
01/01/2024 20:38:43:335  INFO - Node Entry | session id:sess7587408 | QatarIVR:CallDisconnect | Framework | CallDisconnect |  |  | undefined
01/01/2024 20:38:43:394  INFO - Node Entry | session id:sess7587408 | QatarIVR:Exit | Framework | Exit |  | ^^0^0 | undefined
01/01/2024 20:38:43:397  INFO - Application Exit | session id:sess7587408 | QatarIVR:Exit | Framework | Application Exiting |  |  | undefined
01/01/2024 20:51:24:784  INFO - Node Entry | session id:sess154794 | QatarIVR:Start | Framework | Start |  |  | 
01/01/2024 20:51:24:857  INFO - Node Entry | session id:sess154794 | QatarIVR:LoadInitValues | Framework | LoadInitValues |  |  | undefined
01/01/2024 20:51:25:515  INFO - Node Entry | session id:sess154794 | QatarIVR:DynamicFetchNode | Framework | DynamicFetchNode |  |  | undefined
01/01/2024 20:51:25:568  INFO - Node Entry | session id:sess154794 | QatarIVR:DynamicData | Framework | DynamicData |  |  | undefined
01/01/2024 20:51:25:627  INFO - Node Entry | session id:sess154794 | QatarIVR:SetFetchTimeout | Framework | SetFetchTimeout |  |  | undefined
01/01/2024 20:51:25:693  INFO - Node Entry | session id:sess154794 | QatarIVR:DynamicFetchNode | Framework | DynamicFetchNode |  |  | undefined
01/01/2024 20:51:25:746  INFO - Node Entry | session id:sess154794 | QatarIVR:DynamicData | Framework | DynamicData |  |  | undefined
01/01/2024 20:51:25:801  INFO - Node Entry | session id:sess154794 | QatarIVR:SetFetchTimeout | Framework | SetFetchTimeout |  |  | undefined
01/01/2024 20:51:25:870  INFO - Node Entry | session id:sess154794 | QatarIVR:DynamicFetchNode | Framework | DynamicFetchNode |  |  | undefined
01/01/2024 20:51:25:921  INFO - Node Entry | session id:sess154794 | QatarIVR:DynamicData | Framework | DynamicData |  |  | undefined
01/01/2024 20:51:29:342  INFO - Node Entry | session id:sess154794 | QatarIVR:SetFetchTimeout | Framework | SetFetchTimeout |  |  | undefined
01/01/2024 20:51:29:405  INFO - Node Entry | session id:sess154794 | QatarIVR:DynamicFetchNode | Framework | DynamicFetchNode |  |  | undefined
01/01/2024 20:51:29:468  INFO - Node Entry | session id:sess154794 | QatarIVR:PreAnnouncement | Framework | PreAnnouncement |  |  | undefined
01/01/2024 20:51:29:547  INFO - Node Entry | session id:sess154794 | QatarIVR:DynamicAnnouncement | Framework | DynamicAnnouncement |  |  | undefined
01/01/2024 20:51:32:692  INFO - Node Entry | session id:sess154794 | QatarIVR:PostAnnouncement | Framework | PostAnnouncement |  |  | undefined
01/01/2024 20:51:32:745  INFO - Node Entry | session id:sess154794 | QatarIVR:DynamicFetchNode | Framework | DynamicFetchNode |  |  | undefined
01/01/2024 20:51:32:796  INFO - Node Entry | session id:sess154794 | QatarIVR:DynamicData | Framework | DynamicData |  |  | undefined
01/01/2024 20:51:32:849  INFO - Node Entry | session id:sess154794 | QatarIVR:SetFetchTimeout | Framework | SetFetchTimeout |  |  | undefined
01/01/2024 20:51:32:906  INFO - Node Entry | session id:sess154794 | QatarIVR:DynamicFetchNode | Framework | DynamicFetchNode |  |  | undefined
01/01/2024 20:51:32:956  INFO - Node Entry | session id:sess154794 | QatarIVR:PreAnnouncement | Framework | PreAnnouncement |  |  | undefined
01/01/2024 20:51:33:008  INFO - Node Entry | session id:sess154794 | QatarIVR:DynamicAnnouncement | Framework | DynamicAnnouncement |  |  | undefined
01/01/2024 20:51:33:068  INFO - Node Entry | session id:sess154794 | QatarIVR:PostAnnouncement | Framework | PostAnnouncement |  |  | undefined
01/01/2024 20:51:33:120  INFO - Node Entry | session id:sess154794 | QatarIVR:DynamicFetchNode | Framework | DynamicFetchNode |  |  | undefined
01/01/2024 20:51:33:172  INFO - Node Entry | session id:sess154794 | QatarIVR:DynamicData | Framework | DynamicData |  |  | undefined
01/01/2024 20:51:33:228  INFO - Node Entry | session id:sess154794 | QatarIVR:SetFetchTimeout | Framework | SetFetchTimeout |  |  | undefined
01/01/2024 20:51:33:283  INFO - Node Entry | session id:sess154794 | QatarIVR:DynamicFetchNode | Framework | DynamicFetchNode |  |  | undefined
01/01/2024 20:51:33:334  INFO - Node Entry | session id:sess154794 | QatarIVR:DynamicData | Framework | DynamicData |  |  | undefined
01/01/2024 20:51:33:392  INFO - Node Entry | session id:sess154794 | QatarIVR:SetFetchTimeout | Framework | SetFetchTimeout |  |  | undefined
01/01/2024 20:51:33:454  INFO - Node Entry | session id:sess154794 | QatarIVR:DynamicFetchNode | Framework | DynamicFetchNode |  |  | undefined
01/01/2024 20:51:33:516  INFO - Node Entry | session id:sess154794 | QatarIVR:DynamicData | Framework | DynamicData |  |  | undefined
01/01/2024 20:51:33:579  INFO - Node Entry | session id:sess154794 | QatarIVR:SetFetchTimeout | Framework | SetFetchTimeout |  |  | undefined
01/01/2024 20:51:33:641  INFO - Node Entry | session id:sess154794 | QatarIVR:DynamicFetchNode | Framework | DynamicFetchNode |  |  | undefined
01/01/2024 20:51:33:705  INFO - Node Entry | session id:sess154794 | QatarIVR:DynamicData | Framework | DynamicData |  |  | undefined
01/01/2024 20:51:33:768  INFO - Node Entry | session id:sess154794 | QatarIVR:SetFetchTimeout | Framework | SetFetchTimeout |  |  | undefined
01/01/2024 20:51:33:832  INFO - Node Entry | session id:sess154794 | QatarIVR:DynamicFetchNode | Framework | DynamicFetchNode |  |  | undefined
01/01/2024 20:51:33:895  INFO - Node Entry | session id:sess154794 | QatarIVR:DynamicData | Framework | DynamicData |  |  | undefined
01/01/2024 20:51:33:958  INFO - Node Entry | session id:sess154794 | QatarIVR:SetFetchTimeout | Framework | SetFetchTimeout |  |  | undefined
01/01/2024 20:51:34:020  INFO - Node Entry | session id:sess154794 | QatarIVR:DynamicFetchNode | Framework | DynamicFetchNode |  |  | undefined
01/01/2024 20:51:34:082  INFO - Node Entry | session id:sess154794 | QatarIVR:PreMenu | Framework | PreMenu |  |  | undefined
01/01/2024 20:51:34:145  INFO - Node Entry | session id:sess154794 | QatarIVR:DynamicMenu | Framework | DynamicMenu |  |  | undefined
01/01/2024 20:51:36:730  INFO - Node Entry | session id:sess154794 | QatarIVR:PostMenu | Framework | PostMenu | DynamicMenu___utterance | 1^0.949999988079071^0^0 | undefined
01/01/2024 20:51:36:783  INFO - Node Entry | session id:sess154794 | QatarIVR:DynamicFetchNode | Framework | DynamicFetchNode |  |  | undefined
01/01/2024 20:51:36:836  INFO - Node Entry | session id:sess154794 | QatarIVR:PrePC | Framework | PrePC |  |  | undefined
01/01/2024 20:51:36:888  INFO - Node Entry | session id:sess154794 | QatarIVR:DynamicPC | Framework | DynamicPC |  |  | undefined
01/01/2024 20:51:43:089  INFO - Node Entry | session id:sess154794 | QatarIVR:RestrictCarryForwardDTMF | Framework | RestrictCarryForwardDTMF | DynamicPC___utterance | 888555666^0.949999988079071^0^0 | undefined
01/01/2024 20:51:43:150  INFO - Node Entry | session id:sess154794 | QatarIVR:PostPC | Framework | PostPC |  |  | undefined
01/01/2024 20:51:43:203  INFO - Node Entry | session id:sess154794 | QatarIVR:DynamicFetchNode | Framework | DynamicFetchNode |  |  | undefined
01/01/2024 20:51:43:254  INFO - Node Entry | session id:sess154794 | QatarIVR:DynamicData | Framework | DynamicData |  |  | undefined
01/01/2024 20:51:43:690  INFO - Node Entry | session id:sess154794 | QatarIVR:SetFetchTimeout | Framework | SetFetchTimeout |  |  | undefined
01/01/2024 20:51:43:751  INFO - Node Entry | session id:sess154794 | QatarIVR:DynamicFetchNode | Framework | DynamicFetchNode |  |  | undefined
01/01/2024 20:51:43:804  INFO - Node Entry | session id:sess154794 | QatarIVR:DynamicData | Framework | DynamicData |  |  | undefined
01/01/2024 20:51:43:857  INFO - Node Entry | session id:sess154794 | QatarIVR:SetFetchTimeout | Framework | SetFetchTimeout |  |  | undefined
01/01/2024 20:51:43:911  INFO - Node Entry | session id:sess154794 | QatarIVR:DynamicFetchNode | Framework | DynamicFetchNode |  |  | undefined
01/01/2024 20:51:43:963  INFO - Node Entry | session id:sess154794 | QatarIVR:DynamicData | Framework | DynamicData |  |  | undefined
01/01/2024 20:51:44:015  INFO - Node Entry | session id:sess154794 | QatarIVR:SetFetchTimeout | Framework | SetFetchTimeout |  |  | undefined
01/01/2024 20:51:44:071  INFO - Node Entry | session id:sess154794 | QatarIVR:DynamicFetchNode | Framework | DynamicFetchNode |  |  | undefined
01/01/2024 20:51:44:123  INFO - Node Entry | session id:sess154794 | QatarIVR:PreAnnouncement | Framework | PreAnnouncement |  |  | undefined
01/01/2024 20:51:44:174  INFO - Node Entry | session id:sess154794 | QatarIVR:DynamicAnnouncement | Framework | DynamicAnnouncement |  |  | undefined
01/01/2024 20:51:48:000  INFO - Node Entry | session id:sess154794 | QatarIVR:PostAnnouncement | Framework | PostAnnouncement |  |  | undefined
01/01/2024 20:51:48:053  INFO - Node Entry | session id:sess154794 | QatarIVR:DynamicFetchNode | Framework | DynamicFetchNode |  |  | undefined
01/01/2024 20:51:48:106  INFO - Node Entry | session id:sess154794 | QatarIVR:PreMenu | Framework | PreMenu |  |  | undefined
01/01/2024 20:51:48:157  INFO - Node Entry | session id:sess154794 | QatarIVR:DynamicMenu | Framework | DynamicMenu |  |  | undefined
01/01/2024 20:51:49:848  INFO - Node Entry | session id:sess154794 | QatarIVR:ConDisconnectHangup | Framework | ConDisconnectHangup |  |  | undefined
01/01/2024 20:51:49:901  INFO - Node Entry | session id:sess154794 | QatarIVR:IsCallHistoryInserted | Framework | IsCallHistoryInserted |  |  | undefined
01/01/2024 20:51:49:954  INFO - Node Entry | session id:sess154794 | QatarIVR:InsertCallHistory | Framework | InsertCallHistory |  |  | undefined
01/01/2024 20:51:50:010  INFO - Node Entry | session id:sess154794 | QatarIVR:Disconnect | Framework | Disconnect |  |  | undefined
01/01/2024 20:51:50:062  INFO - Node Entry | session id:sess154794 | QatarIVR:CallDisconnect | Framework | CallDisconnect |  |  | undefined
01/01/2024 20:51:50:117  INFO - Node Entry | session id:sess154794 | QatarIVR:Exit | Framework | Exit |  | ^^0^0 | undefined
01/01/2024 20:51:50:119  INFO - Application Exit | session id:sess154794 | QatarIVR:Exit | Framework | Application Exiting |  |  | undefined
01/01/2024 20:57:43:259  INFO - Node Entry | session id:sess9300667 | QatarIVR:Start | Framework | Start |  |  | 
01/01/2024 20:57:43:332  INFO - Node Entry | session id:sess9300667 | QatarIVR:LoadInitValues | Framework | LoadInitValues |  |  | undefined
01/01/2024 20:57:43:891  INFO - Node Entry | session id:sess9300667 | QatarIVR:DynamicFetchNode | Framework | DynamicFetchNode |  |  | undefined
01/01/2024 20:57:43:945  INFO - Node Entry | session id:sess9300667 | QatarIVR:DynamicData | Framework | DynamicData |  |  | undefined
01/01/2024 20:57:43:999  INFO - Node Entry | session id:sess9300667 | QatarIVR:SetFetchTimeout | Framework | SetFetchTimeout |  |  | undefined
01/01/2024 20:57:44:056  INFO - Node Entry | session id:sess9300667 | QatarIVR:DynamicFetchNode | Framework | DynamicFetchNode |  |  | undefined
01/01/2024 20:57:44:108  INFO - Node Entry | session id:sess9300667 | QatarIVR:DynamicData | Framework | DynamicData |  |  | undefined
01/01/2024 20:57:44:159  INFO - Node Entry | session id:sess9300667 | QatarIVR:SetFetchTimeout | Framework | SetFetchTimeout |  |  | undefined
01/01/2024 20:57:44:216  INFO - Node Entry | session id:sess9300667 | QatarIVR:DynamicFetchNode | Framework | DynamicFetchNode |  |  | undefined
01/01/2024 20:57:44:268  INFO - Node Entry | session id:sess9300667 | QatarIVR:DynamicData | Framework | DynamicData |  |  | undefined
01/01/2024 20:57:47:690  INFO - Node Entry | session id:sess9300667 | QatarIVR:SetFetchTimeout | Framework | SetFetchTimeout |  |  | undefined
01/01/2024 20:57:47:753  INFO - Node Entry | session id:sess9300667 | QatarIVR:DynamicFetchNode | Framework | DynamicFetchNode |  |  | undefined
01/01/2024 20:57:47:816  INFO - Node Entry | session id:sess9300667 | QatarIVR:PreAnnouncement | Framework | PreAnnouncement |  |  | undefined
01/01/2024 20:57:47:880  INFO - Node Entry | session id:sess9300667 | QatarIVR:DynamicAnnouncement | Framework | DynamicAnnouncement |  |  | undefined
01/01/2024 20:57:50:962  INFO - Node Entry | session id:sess9300667 | QatarIVR:PostAnnouncement | Framework | PostAnnouncement |  |  | undefined
01/01/2024 20:57:51:014  INFO - Node Entry | session id:sess9300667 | QatarIVR:DynamicFetchNode | Framework | DynamicFetchNode |  |  | undefined
01/01/2024 20:57:51:065  INFO - Node Entry | session id:sess9300667 | QatarIVR:DynamicData | Framework | DynamicData |  |  | undefined
01/01/2024 20:57:51:116  INFO - Node Entry | session id:sess9300667 | QatarIVR:SetFetchTimeout | Framework | SetFetchTimeout |  |  | undefined
01/01/2024 20:57:51:170  INFO - Node Entry | session id:sess9300667 | QatarIVR:DynamicFetchNode | Framework | DynamicFetchNode |  |  | undefined
01/01/2024 20:57:51:222  INFO - Node Entry | session id:sess9300667 | QatarIVR:PreAnnouncement | Framework | PreAnnouncement |  |  | undefined
01/01/2024 20:57:51:272  INFO - Node Entry | session id:sess9300667 | QatarIVR:DynamicAnnouncement | Framework | DynamicAnnouncement |  |  | undefined
01/01/2024 20:57:51:329  INFO - Node Entry | session id:sess9300667 | QatarIVR:PostAnnouncement | Framework | PostAnnouncement |  |  | undefined
01/01/2024 20:57:51:379  INFO - Node Entry | session id:sess9300667 | QatarIVR:DynamicFetchNode | Framework | DynamicFetchNode |  |  | undefined
01/01/2024 20:57:51:430  INFO - Node Entry | session id:sess9300667 | QatarIVR:DynamicData | Framework | DynamicData |  |  | undefined
01/01/2024 20:57:51:483  INFO - Node Entry | session id:sess9300667 | QatarIVR:SetFetchTimeout | Framework | SetFetchTimeout |  |  | undefined
01/01/2024 20:57:51:538  INFO - Node Entry | session id:sess9300667 | QatarIVR:DynamicFetchNode | Framework | DynamicFetchNode |  |  | undefined
01/01/2024 20:57:51:590  INFO - Node Entry | session id:sess9300667 | QatarIVR:DynamicData | Framework | DynamicData |  |  | undefined
01/01/2024 20:57:51:641  INFO - Node Entry | session id:sess9300667 | QatarIVR:SetFetchTimeout | Framework | SetFetchTimeout |  |  | undefined
01/01/2024 20:57:51:694  INFO - Node Entry | session id:sess9300667 | QatarIVR:DynamicFetchNode | Framework | DynamicFetchNode |  |  | undefined
01/01/2024 20:57:51:745  INFO - Node Entry | session id:sess9300667 | QatarIVR:DynamicData | Framework | DynamicData |  |  | undefined
01/01/2024 20:57:51:800  INFO - Node Entry | session id:sess9300667 | QatarIVR:SetFetchTimeout | Framework | SetFetchTimeout |  |  | undefined
01/01/2024 20:57:51:860  INFO - Node Entry | session id:sess9300667 | QatarIVR:DynamicFetchNode | Framework | DynamicFetchNode |  |  | undefined
01/01/2024 20:57:51:911  INFO - Node Entry | session id:sess9300667 | QatarIVR:DynamicData | Framework | DynamicData |  |  | undefined
01/01/2024 20:57:51:961  INFO - Node Entry | session id:sess9300667 | QatarIVR:SetFetchTimeout | Framework | SetFetchTimeout |  |  | undefined
01/01/2024 20:57:52:015  INFO - Node Entry | session id:sess9300667 | QatarIVR:DynamicFetchNode | Framework | DynamicFetchNode |  |  | undefined
01/01/2024 20:57:52:067  INFO - Node Entry | session id:sess9300667 | QatarIVR:DynamicData | Framework | DynamicData |  |  | undefined
01/01/2024 20:57:52:120  INFO - Node Entry | session id:sess9300667 | QatarIVR:SetFetchTimeout | Framework | SetFetchTimeout |  |  | undefined
01/01/2024 20:57:52:184  INFO - Node Entry | session id:sess9300667 | QatarIVR:DynamicFetchNode | Framework | DynamicFetchNode |  |  | undefined
01/01/2024 20:57:52:237  INFO - Node Entry | session id:sess9300667 | QatarIVR:PreMenu | Framework | PreMenu |  |  | undefined
01/01/2024 20:57:52:294  INFO - Node Entry | session id:sess9300667 | QatarIVR:DynamicMenu | Framework | DynamicMenu |  |  | undefined
01/01/2024 20:57:53:999  INFO - Node Entry | session id:sess9300667 | QatarIVR:PostMenu | Framework | PostMenu | DynamicMenu___utterance | 1^0.949999988079071^0^0 | undefined
01/01/2024 20:57:54:052  INFO - Node Entry | session id:sess9300667 | QatarIVR:DynamicFetchNode | Framework | DynamicFetchNode |  |  | undefined
01/01/2024 20:57:54:104  INFO - Node Entry | session id:sess9300667 | QatarIVR:PrePC | Framework | PrePC |  |  | undefined
01/01/2024 20:57:54:157  INFO - Node Entry | session id:sess9300667 | QatarIVR:DynamicPC | Framework | DynamicPC |  |  | undefined
01/01/2024 20:58:02:375  INFO - Node Entry | session id:sess9300667 | QatarIVR:RestrictCarryForwardDTMF | Framework | RestrictCarryForwardDTMF | DynamicPC___utterance | 222000555^0.949999988079071^0^0 | undefined
01/01/2024 20:58:02:435  INFO - Node Entry | session id:sess9300667 | QatarIVR:PostPC | Framework | PostPC |  |  | undefined
01/01/2024 20:58:02:492  INFO - Node Entry | session id:sess9300667 | QatarIVR:DynamicFetchNode | Framework | DynamicFetchNode |  |  | undefined
01/01/2024 20:58:02:543  INFO - Node Entry | session id:sess9300667 | QatarIVR:DynamicData | Framework | DynamicData |  |  | undefined
01/01/2024 20:58:02:941  INFO - Node Entry | session id:sess9300667 | QatarIVR:SetFetchTimeout | Framework | SetFetchTimeout |  |  | undefined
01/01/2024 20:58:02:997  INFO - Node Entry | session id:sess9300667 | QatarIVR:DynamicFetchNode | Framework | DynamicFetchNode |  |  | undefined
01/01/2024 20:58:03:049  INFO - Node Entry | session id:sess9300667 | QatarIVR:DynamicData | Framework | DynamicData |  |  | undefined
01/01/2024 20:58:03:100  INFO - Node Entry | session id:sess9300667 | QatarIVR:SetFetchTimeout | Framework | SetFetchTimeout |  |  | undefined
01/01/2024 20:58:03:156  INFO - Node Entry | session id:sess9300667 | QatarIVR:DynamicFetchNode | Framework | DynamicFetchNode |  |  | undefined
01/01/2024 20:58:03:208  INFO - Node Entry | session id:sess9300667 | QatarIVR:DynamicData | Framework | DynamicData |  |  | undefined
01/01/2024 20:58:03:259  INFO - Node Entry | session id:sess9300667 | QatarIVR:SetFetchTimeout | Framework | SetFetchTimeout |  |  | undefined
01/01/2024 20:58:03:314  INFO - Node Entry | session id:sess9300667 | QatarIVR:DynamicFetchNode | Framework | DynamicFetchNode |  |  | undefined
01/01/2024 20:58:03:367  INFO - Node Entry | session id:sess9300667 | QatarIVR:PreAnnouncement | Framework | PreAnnouncement |  |  | undefined
01/01/2024 20:58:03:417  INFO - Node Entry | session id:sess9300667 | QatarIVR:DynamicAnnouncement | Framework | DynamicAnnouncement |  |  | undefined
01/01/2024 20:58:06:719  INFO - Node Entry | session id:sess9300667 | QatarIVR:PostAnnouncement | Framework | PostAnnouncement |  |  | undefined
01/01/2024 20:58:06:771  INFO - Node Entry | session id:sess9300667 | QatarIVR:DynamicFetchNode | Framework | DynamicFetchNode |  |  | undefined
01/01/2024 20:58:06:821  INFO - Node Entry | session id:sess9300667 | QatarIVR:PreMenu | Framework | PreMenu |  |  | undefined
01/01/2024 20:58:06:872  INFO - Node Entry | session id:sess9300667 | QatarIVR:DynamicMenu | Framework | DynamicMenu |  |  | undefined
01/01/2024 20:58:06:930  INFO - Node Entry | session id:sess9300667 | QatarIVR:ConDisconnectHangup | Framework | ConDisconnectHangup |  |  | undefined
01/01/2024 20:58:06:982  INFO - Node Entry | session id:sess9300667 | QatarIVR:IsCallHistoryInserted | Framework | IsCallHistoryInserted |  |  | undefined
01/01/2024 20:58:07:036  INFO - Node Entry | session id:sess9300667 | QatarIVR:InsertCallHistory | Framework | InsertCallHistory |  |  | undefined
01/01/2024 20:58:07:091  INFO - Node Entry | session id:sess9300667 | QatarIVR:Disconnect | Framework | Disconnect |  |  | undefined
01/01/2024 20:58:07:142  INFO - Node Entry | session id:sess9300667 | QatarIVR:CallDisconnect | Framework | CallDisconnect |  |  | undefined
01/01/2024 20:58:07:204  INFO - Node Entry | session id:sess9300667 | QatarIVR:Exit | Framework | Exit |  | ^^0^0 | undefined
01/01/2024 20:58:07:205  INFO - Application Exit | session id:sess9300667 | QatarIVR:Exit | Framework | Application Exiting |  |  | undefined
01/01/2024 21:05:30:870  INFO - Node Entry | session id:sess8298008 | QatarIVR:Start | Framework | Start |  |  | 
01/01/2024 21:05:30:998  INFO - Node Entry | session id:sess8298008 | QatarIVR:LoadInitValues | Framework | LoadInitValues |  |  | undefined
01/01/2024 21:05:31:933  INFO - Node Entry | session id:sess8298008 | QatarIVR:DynamicFetchNode | Framework | DynamicFetchNode |  |  | undefined
01/01/2024 21:05:31:984  INFO - Node Entry | session id:sess8298008 | QatarIVR:DynamicData | Framework | DynamicData |  |  | undefined
01/01/2024 21:05:32:039  INFO - Node Entry | session id:sess8298008 | QatarIVR:SetFetchTimeout | Framework | SetFetchTimeout |  |  | undefined
01/01/2024 21:05:32:107  INFO - Node Entry | session id:sess8298008 | QatarIVR:DynamicFetchNode | Framework | DynamicFetchNode |  |  | undefined
01/01/2024 21:05:32:158  INFO - Node Entry | session id:sess8298008 | QatarIVR:DynamicData | Framework | DynamicData |  |  | undefined
01/01/2024 21:05:32:211  INFO - Node Entry | session id:sess8298008 | QatarIVR:SetFetchTimeout | Framework | SetFetchTimeout |  |  | undefined
01/01/2024 21:05:32:270  INFO - Node Entry | session id:sess8298008 | QatarIVR:DynamicFetchNode | Framework | DynamicFetchNode |  |  | undefined
01/01/2024 21:05:32:321  INFO - Node Entry | session id:sess8298008 | QatarIVR:DynamicData | Framework | DynamicData |  |  | undefined
01/01/2024 21:05:35:605  INFO - Node Entry | session id:sess8298008 | QatarIVR:SetFetchTimeout | Framework | SetFetchTimeout |  |  | undefined
01/01/2024 21:05:35:684  INFO - Node Entry | session id:sess8298008 | QatarIVR:DynamicFetchNode | Framework | DynamicFetchNode |  |  | undefined
01/01/2024 21:05:35:746  INFO - Node Entry | session id:sess8298008 | QatarIVR:PreAnnouncement | Framework | PreAnnouncement |  |  | undefined
01/01/2024 21:05:35:825  INFO - Node Entry | session id:sess8298008 | QatarIVR:DynamicAnnouncement | Framework | DynamicAnnouncement |  |  | undefined
01/01/2024 21:05:38:969  INFO - Node Entry | session id:sess8298008 | QatarIVR:PostAnnouncement | Framework | PostAnnouncement |  |  | undefined
01/01/2024 21:05:39:021  INFO - Node Entry | session id:sess8298008 | QatarIVR:DynamicFetchNode | Framework | DynamicFetchNode |  |  | undefined
01/01/2024 21:05:39:074  INFO - Node Entry | session id:sess8298008 | QatarIVR:DynamicData | Framework | DynamicData |  |  | undefined
01/01/2024 21:05:39:128  INFO - Node Entry | session id:sess8298008 | QatarIVR:SetFetchTimeout | Framework | SetFetchTimeout |  |  | undefined
01/01/2024 21:05:39:194  INFO - Node Entry | session id:sess8298008 | QatarIVR:DynamicFetchNode | Framework | DynamicFetchNode |  |  | undefined
01/01/2024 21:05:39:246  INFO - Node Entry | session id:sess8298008 | QatarIVR:PreAnnouncement | Framework | PreAnnouncement |  |  | undefined
01/01/2024 21:05:39:299  INFO - Node Entry | session id:sess8298008 | QatarIVR:DynamicAnnouncement | Framework | DynamicAnnouncement |  |  | undefined
01/01/2024 21:05:39:374  INFO - Node Entry | session id:sess8298008 | QatarIVR:PostAnnouncement | Framework | PostAnnouncement |  |  | undefined
01/01/2024 21:05:39:425  INFO - Node Entry | session id:sess8298008 | QatarIVR:DynamicFetchNode | Framework | DynamicFetchNode |  |  | undefined
01/01/2024 21:05:39:478  INFO - Node Entry | session id:sess8298008 | QatarIVR:DynamicData | Framework | DynamicData |  |  | undefined
01/01/2024 21:05:39:543  INFO - Node Entry | session id:sess8298008 | QatarIVR:SetFetchTimeout | Framework | SetFetchTimeout |  |  | undefined
01/01/2024 21:05:39:607  INFO - Node Entry | session id:sess8298008 | QatarIVR:DynamicFetchNode | Framework | DynamicFetchNode |  |  | undefined
01/01/2024 21:05:39:660  INFO - Node Entry | session id:sess8298008 | QatarIVR:DynamicData | Framework | DynamicData |  |  | undefined
01/01/2024 21:05:39:712  INFO - Node Entry | session id:sess8298008 | QatarIVR:SetFetchTimeout | Framework | SetFetchTimeout |  |  | undefined
01/01/2024 21:05:39:775  INFO - Node Entry | session id:sess8298008 | QatarIVR:DynamicFetchNode | Framework | DynamicFetchNode |  |  | undefined
01/01/2024 21:05:39:826  INFO - Node Entry | session id:sess8298008 | QatarIVR:DynamicData | Framework | DynamicData |  |  | undefined
01/01/2024 21:05:39:879  INFO - Node Entry | session id:sess8298008 | QatarIVR:SetFetchTimeout | Framework | SetFetchTimeout |  |  | undefined
01/01/2024 21:05:39:934  INFO - Node Entry | session id:sess8298008 | QatarIVR:DynamicFetchNode | Framework | DynamicFetchNode |  |  | undefined
01/01/2024 21:05:39:986  INFO - Node Entry | session id:sess8298008 | QatarIVR:DynamicData | Framework | DynamicData |  |  | undefined
01/01/2024 21:05:40:039  INFO - Node Entry | session id:sess8298008 | QatarIVR:SetFetchTimeout | Framework | SetFetchTimeout |  |  | undefined
01/01/2024 21:05:40:101  INFO - Node Entry | session id:sess8298008 | QatarIVR:DynamicFetchNode | Framework | DynamicFetchNode |  |  | undefined
01/01/2024 21:05:40:154  INFO - Node Entry | session id:sess8298008 | QatarIVR:DynamicData | Framework | DynamicData |  |  | undefined
01/01/2024 21:05:40:207  INFO - Node Entry | session id:sess8298008 | QatarIVR:SetFetchTimeout | Framework | SetFetchTimeout |  |  | undefined
01/01/2024 21:05:40:274  INFO - Node Entry | session id:sess8298008 | QatarIVR:DynamicFetchNode | Framework | DynamicFetchNode |  |  | undefined
01/01/2024 21:05:40:326  INFO - Node Entry | session id:sess8298008 | QatarIVR:PreMenu | Framework | PreMenu |  |  | undefined
01/01/2024 21:05:40:378  INFO - Node Entry | session id:sess8298008 | QatarIVR:DynamicMenu | Framework | DynamicMenu |  |  | undefined
01/01/2024 21:05:42:107  INFO - Node Entry | session id:sess8298008 | QatarIVR:PostMenu | Framework | PostMenu | DynamicMenu___utterance | 1^0.949999988079071^0^0 | undefined
01/01/2024 21:05:42:159  INFO - Node Entry | session id:sess8298008 | QatarIVR:DynamicFetchNode | Framework | DynamicFetchNode |  |  | undefined
01/01/2024 21:05:42:220  INFO - Node Entry | session id:sess8298008 | QatarIVR:PrePC | Framework | PrePC |  |  | undefined
01/01/2024 21:05:42:282  INFO - Node Entry | session id:sess8298008 | QatarIVR:DynamicPC | Framework | DynamicPC |  |  | undefined
01/01/2024 21:05:51:330  INFO - Node Entry | session id:sess8298008 | QatarIVR:RestrictCarryForwardDTMF | Framework | RestrictCarryForwardDTMF | DynamicPC___utterance | 555777777^0.949999988079071^0^0 | undefined
01/01/2024 21:05:51:393  INFO - Node Entry | session id:sess8298008 | QatarIVR:PostPC | Framework | PostPC |  |  | undefined
01/01/2024 21:05:51:445  INFO - Node Entry | session id:sess8298008 | QatarIVR:DynamicFetchNode | Framework | DynamicFetchNode |  |  | undefined
01/01/2024 21:05:51:497  INFO - Node Entry | session id:sess8298008 | QatarIVR:DynamicData | Framework | DynamicData |  |  | undefined
01/01/2024 21:05:51:851  INFO - Node Entry | session id:sess8298008 | QatarIVR:SetFetchTimeout | Framework | SetFetchTimeout |  |  | undefined
01/01/2024 21:05:51:905  INFO - Node Entry | session id:sess8298008 | QatarIVR:DynamicFetchNode | Framework | DynamicFetchNode |  |  | undefined
01/01/2024 21:05:51:955  INFO - Node Entry | session id:sess8298008 | QatarIVR:DynamicData | Framework | DynamicData |  |  | undefined
01/01/2024 21:05:52:010  INFO - Node Entry | session id:sess8298008 | QatarIVR:SetFetchTimeout | Framework | SetFetchTimeout |  |  | undefined
01/01/2024 21:05:52:065  INFO - Node Entry | session id:sess8298008 | QatarIVR:DynamicFetchNode | Framework | DynamicFetchNode |  |  | undefined
01/01/2024 21:05:52:115  INFO - Node Entry | session id:sess8298008 | QatarIVR:DynamicData | Framework | DynamicData |  |  | undefined
01/01/2024 21:05:52:167  INFO - Node Entry | session id:sess8298008 | QatarIVR:SetFetchTimeout | Framework | SetFetchTimeout |  |  | undefined
01/01/2024 21:05:52:220  INFO - Node Entry | session id:sess8298008 | QatarIVR:DynamicFetchNode | Framework | DynamicFetchNode |  |  | undefined
01/01/2024 21:05:52:271  INFO - Node Entry | session id:sess8298008 | QatarIVR:PreAnnouncement | Framework | PreAnnouncement |  |  | undefined
01/01/2024 21:05:52:324  INFO - Node Entry | session id:sess8298008 | QatarIVR:DynamicAnnouncement | Framework | DynamicAnnouncement |  |  | undefined
01/01/2024 21:05:55:625  INFO - Node Entry | session id:sess8298008 | QatarIVR:PostAnnouncement | Framework | PostAnnouncement |  |  | undefined
01/01/2024 21:05:55:677  INFO - Node Entry | session id:sess8298008 | QatarIVR:DynamicFetchNode | Framework | DynamicFetchNode |  |  | undefined
01/01/2024 21:05:55:729  INFO - Node Entry | session id:sess8298008 | QatarIVR:PreMenu | Framework | PreMenu |  |  | undefined
01/01/2024 21:05:55:781  INFO - Node Entry | session id:sess8298008 | QatarIVR:DynamicMenu | Framework | DynamicMenu |  |  | undefined
01/01/2024 21:05:55:836  INFO - Node Entry | session id:sess8298008 | QatarIVR:ConDisconnectHangup | Framework | ConDisconnectHangup |  |  | undefined
01/01/2024 21:05:55:887  INFO - Node Entry | session id:sess8298008 | QatarIVR:IsCallHistoryInserted | Framework | IsCallHistoryInserted |  |  | undefined
01/01/2024 21:05:55:938  INFO - Node Entry | session id:sess8298008 | QatarIVR:InsertCallHistory | Framework | InsertCallHistory |  |  | undefined
01/01/2024 21:05:56:004  INFO - Node Entry | session id:sess8298008 | QatarIVR:Disconnect | Framework | Disconnect |  |  | undefined
01/01/2024 21:05:56:059  INFO - Node Entry | session id:sess8298008 | QatarIVR:CallDisconnect | Framework | CallDisconnect |  |  | undefined
01/01/2024 21:05:56:120  INFO - Node Entry | session id:sess8298008 | QatarIVR:Exit | Framework | Exit |  | ^^0^0 | undefined
01/01/2024 21:05:56:126  INFO - Application Exit | session id:sess8298008 | QatarIVR:Exit | Framework | Application Exiting |  |  | undefined
01/01/2024 21:13:33:245  INFO - Node Entry | session id:sess9967941 | QatarIVR:Start | Framework | Start |  |  | 
01/01/2024 21:13:33:322  INFO - Node Entry | session id:sess9967941 | QatarIVR:LoadInitValues | Framework | LoadInitValues |  |  | undefined
01/01/2024 21:13:34:312  INFO - Node Entry | session id:sess9967941 | QatarIVR:DynamicFetchNode | Framework | DynamicFetchNode |  |  | undefined
01/01/2024 21:13:34:366  INFO - Node Entry | session id:sess9967941 | QatarIVR:DynamicData | Framework | DynamicData |  |  | undefined
01/01/2024 21:13:34:421  INFO - Node Entry | session id:sess9967941 | QatarIVR:SetFetchTimeout | Framework | SetFetchTimeout |  |  | undefined
01/01/2024 21:13:34:478  INFO - Node Entry | session id:sess9967941 | QatarIVR:DynamicFetchNode | Framework | DynamicFetchNode |  |  | undefined
01/01/2024 21:13:34:529  INFO - Node Entry | session id:sess9967941 | QatarIVR:DynamicData | Framework | DynamicData |  |  | undefined
01/01/2024 21:13:34:580  INFO - Node Entry | session id:sess9967941 | QatarIVR:SetFetchTimeout | Framework | SetFetchTimeout |  |  | undefined
01/01/2024 21:13:34:636  INFO - Node Entry | session id:sess9967941 | QatarIVR:DynamicFetchNode | Framework | DynamicFetchNode |  |  | undefined
01/01/2024 21:13:34:688  INFO - Node Entry | session id:sess9967941 | QatarIVR:DynamicData | Framework | DynamicData |  |  | undefined
01/01/2024 21:13:37:956  INFO - Node Entry | session id:sess9967941 | QatarIVR:SetFetchTimeout | Framework | SetFetchTimeout |  |  | undefined
01/01/2024 21:13:38:019  INFO - Node Entry | session id:sess9967941 | QatarIVR:DynamicFetchNode | Framework | DynamicFetchNode |  |  | undefined
01/01/2024 21:13:38:081  INFO - Node Entry | session id:sess9967941 | QatarIVR:PreAnnouncement | Framework | PreAnnouncement |  |  | undefined
01/01/2024 21:13:38:144  INFO - Node Entry | session id:sess9967941 | QatarIVR:DynamicAnnouncement | Framework | DynamicAnnouncement |  |  | undefined
01/01/2024 21:13:41:276  INFO - Node Entry | session id:sess9967941 | QatarIVR:PostAnnouncement | Framework | PostAnnouncement |  |  | undefined
01/01/2024 21:13:41:328  INFO - Node Entry | session id:sess9967941 | QatarIVR:DynamicFetchNode | Framework | DynamicFetchNode |  |  | undefined
01/01/2024 21:13:41:380  INFO - Node Entry | session id:sess9967941 | QatarIVR:DynamicData | Framework | DynamicData |  |  | undefined
01/01/2024 21:13:41:430  INFO - Node Entry | session id:sess9967941 | QatarIVR:SetFetchTimeout | Framework | SetFetchTimeout |  |  | undefined
01/01/2024 21:13:41:489  INFO - Node Entry | session id:sess9967941 | QatarIVR:DynamicFetchNode | Framework | DynamicFetchNode |  |  | undefined
01/01/2024 21:13:41:539  INFO - Node Entry | session id:sess9967941 | QatarIVR:PreAnnouncement | Framework | PreAnnouncement |  |  | undefined
01/01/2024 21:13:41:591  INFO - Node Entry | session id:sess9967941 | QatarIVR:DynamicAnnouncement | Framework | DynamicAnnouncement |  |  | undefined
01/01/2024 21:13:41:661  INFO - Node Entry | session id:sess9967941 | QatarIVR:PostAnnouncement | Framework | PostAnnouncement |  |  | undefined
01/01/2024 21:13:41:712  INFO - Node Entry | session id:sess9967941 | QatarIVR:DynamicFetchNode | Framework | DynamicFetchNode |  |  | undefined
01/01/2024 21:13:41:764  INFO - Node Entry | session id:sess9967941 | QatarIVR:DynamicData | Framework | DynamicData |  |  | undefined
01/01/2024 21:13:41:817  INFO - Node Entry | session id:sess9967941 | QatarIVR:SetFetchTimeout | Framework | SetFetchTimeout |  |  | undefined
01/01/2024 21:13:41:874  INFO - Node Entry | session id:sess9967941 | QatarIVR:DynamicFetchNode | Framework | DynamicFetchNode |  |  | undefined
01/01/2024 21:13:41:927  INFO - Node Entry | session id:sess9967941 | QatarIVR:DynamicData | Framework | DynamicData |  |  | undefined
01/01/2024 21:13:41:978  INFO - Node Entry | session id:sess9967941 | QatarIVR:SetFetchTimeout | Framework | SetFetchTimeout |  |  | undefined
01/01/2024 21:13:42:036  INFO - Node Entry | session id:sess9967941 | QatarIVR:DynamicFetchNode | Framework | DynamicFetchNode |  |  | undefined
01/01/2024 21:13:42:089  INFO - Node Entry | session id:sess9967941 | QatarIVR:DynamicData | Framework | DynamicData |  |  | undefined
01/01/2024 21:13:42:141  INFO - Node Entry | session id:sess9967941 | QatarIVR:SetFetchTimeout | Framework | SetFetchTimeout |  |  | undefined
01/01/2024 21:13:42:196  INFO - Node Entry | session id:sess9967941 | QatarIVR:DynamicFetchNode | Framework | DynamicFetchNode |  |  | undefined
01/01/2024 21:13:42:248  INFO - Node Entry | session id:sess9967941 | QatarIVR:DynamicData | Framework | DynamicData |  |  | undefined
01/01/2024 21:13:42:300  INFO - Node Entry | session id:sess9967941 | QatarIVR:SetFetchTimeout | Framework | SetFetchTimeout |  |  | undefined
01/01/2024 21:13:42:357  INFO - Node Entry | session id:sess9967941 | QatarIVR:DynamicFetchNode | Framework | DynamicFetchNode |  |  | undefined
01/01/2024 21:13:42:409  INFO - Node Entry | session id:sess9967941 | QatarIVR:DynamicData | Framework | DynamicData |  |  | undefined
01/01/2024 21:13:42:464  INFO - Node Entry | session id:sess9967941 | QatarIVR:SetFetchTimeout | Framework | SetFetchTimeout |  |  | undefined
01/01/2024 21:13:42:526  INFO - Node Entry | session id:sess9967941 | QatarIVR:DynamicFetchNode | Framework | DynamicFetchNode |  |  | undefined
01/01/2024 21:13:42:580  INFO - Node Entry | session id:sess9967941 | QatarIVR:PreMenu | Framework | PreMenu |  |  | undefined
01/01/2024 21:13:42:631  INFO - Node Entry | session id:sess9967941 | QatarIVR:DynamicMenu | Framework | DynamicMenu |  |  | undefined
01/01/2024 21:13:44:322  INFO - Node Entry | session id:sess9967941 | QatarIVR:PostMenu | Framework | PostMenu | DynamicMenu___utterance | 1^0.949999988079071^0^0 | undefined
01/01/2024 21:13:44:375  INFO - Node Entry | session id:sess9967941 | QatarIVR:DynamicFetchNode | Framework | DynamicFetchNode |  |  | undefined
01/01/2024 21:13:44:426  INFO - Node Entry | session id:sess9967941 | QatarIVR:PrePC | Framework | PrePC |  |  | undefined
01/01/2024 21:13:44:477  INFO - Node Entry | session id:sess9967941 | QatarIVR:DynamicPC | Framework | DynamicPC |  |  | undefined
01/01/2024 21:13:51:431  INFO - Node Entry | session id:sess9967941 | QatarIVR:RestrictCarryForwardDTMF | Framework | RestrictCarryForwardDTMF | DynamicPC___utterance | 555888222^0.949999988079071^0^0 | undefined
01/01/2024 21:13:51:490  INFO - Node Entry | session id:sess9967941 | QatarIVR:PostPC | Framework | PostPC |  |  | undefined
01/01/2024 21:13:51:540  INFO - Node Entry | session id:sess9967941 | QatarIVR:DynamicFetchNode | Framework | DynamicFetchNode |  |  | undefined
01/01/2024 21:13:51:591  INFO - Node Entry | session id:sess9967941 | QatarIVR:DynamicData | Framework | DynamicData |  |  | undefined
01/01/2024 21:13:51:957  INFO - Node Entry | session id:sess9967941 | QatarIVR:SetFetchTimeout | Framework | SetFetchTimeout |  |  | undefined
01/01/2024 21:13:52:012  INFO - Node Entry | session id:sess9967941 | QatarIVR:DynamicFetchNode | Framework | DynamicFetchNode |  |  | undefined
01/01/2024 21:13:52:063  INFO - Node Entry | session id:sess9967941 | QatarIVR:DynamicData | Framework | DynamicData |  |  | undefined
01/01/2024 21:13:52:115  INFO - Node Entry | session id:sess9967941 | QatarIVR:SetFetchTimeout | Framework | SetFetchTimeout |  |  | undefined
01/01/2024 21:13:52:170  INFO - Node Entry | session id:sess9967941 | QatarIVR:DynamicFetchNode | Framework | DynamicFetchNode |  |  | undefined
01/01/2024 21:13:52:223  INFO - Node Entry | session id:sess9967941 | QatarIVR:DynamicData | Framework | DynamicData |  |  | undefined
01/01/2024 21:13:52:275  INFO - Node Entry | session id:sess9967941 | QatarIVR:SetFetchTimeout | Framework | SetFetchTimeout |  |  | undefined
01/01/2024 21:13:52:331  INFO - Node Entry | session id:sess9967941 | QatarIVR:DynamicFetchNode | Framework | DynamicFetchNode |  |  | undefined
01/01/2024 21:13:52:381  INFO - Node Entry | session id:sess9967941 | QatarIVR:PreAnnouncement | Framework | PreAnnouncement |  |  | undefined
01/01/2024 21:13:52:432  INFO - Node Entry | session id:sess9967941 | QatarIVR:DynamicAnnouncement | Framework | DynamicAnnouncement |  |  | undefined
01/01/2024 21:13:55:721  INFO - Node Entry | session id:sess9967941 | QatarIVR:PostAnnouncement | Framework | PostAnnouncement |  |  | undefined
01/01/2024 21:13:55:773  INFO - Node Entry | session id:sess9967941 | QatarIVR:DynamicFetchNode | Framework | DynamicFetchNode |  |  | undefined
01/01/2024 21:13:55:823  INFO - Node Entry | session id:sess9967941 | QatarIVR:PreMenu | Framework | PreMenu |  |  | undefined
01/01/2024 21:13:55:876  INFO - Node Entry | session id:sess9967941 | QatarIVR:DynamicMenu | Framework | DynamicMenu |  |  | undefined
01/01/2024 21:13:55:937  INFO - Node Entry | session id:sess9967941 | QatarIVR:ConDisconnectHangup | Framework | ConDisconnectHangup |  |  | undefined
01/01/2024 21:13:55:988  INFO - Node Entry | session id:sess9967941 | QatarIVR:IsCallHistoryInserted | Framework | IsCallHistoryInserted |  |  | undefined
01/01/2024 21:13:56:041  INFO - Node Entry | session id:sess9967941 | QatarIVR:InsertCallHistory | Framework | InsertCallHistory |  |  | undefined
01/01/2024 21:13:56:096  INFO - Node Entry | session id:sess9967941 | QatarIVR:Disconnect | Framework | Disconnect |  |  | undefined
01/01/2024 21:13:56:148  INFO - Node Entry | session id:sess9967941 | QatarIVR:CallDisconnect | Framework | CallDisconnect |  |  | undefined
01/01/2024 21:13:56:203  INFO - Node Entry | session id:sess9967941 | QatarIVR:Exit | Framework | Exit |  | ^^0^0 | undefined
01/01/2024 21:13:56:205  INFO - Application Exit | session id:sess9967941 | QatarIVR:Exit | Framework | Application Exiting |  |  | undefined
01/01/2024 21:16:16:274  INFO - Node Entry | session id:sess9481923 | QatarIVR:Start | Framework | Start |  |  | 
01/01/2024 21:16:16:348  INFO - Node Entry | session id:sess9481923 | QatarIVR:LoadInitValues | Framework | LoadInitValues |  |  | undefined
01/01/2024 21:16:16:953  INFO - Node Entry | session id:sess9481923 | QatarIVR:DynamicFetchNode | Framework | DynamicFetchNode |  |  | undefined
01/01/2024 21:16:17:007  INFO - Node Entry | session id:sess9481923 | QatarIVR:DynamicData | Framework | DynamicData |  |  | undefined
01/01/2024 21:16:17:061  INFO - Node Entry | session id:sess9481923 | QatarIVR:SetFetchTimeout | Framework | SetFetchTimeout |  |  | undefined
01/01/2024 21:16:17:115  INFO - Node Entry | session id:sess9481923 | QatarIVR:DynamicFetchNode | Framework | DynamicFetchNode |  |  | undefined
01/01/2024 21:16:17:168  INFO - Node Entry | session id:sess9481923 | QatarIVR:DynamicData | Framework | DynamicData |  |  | undefined
01/01/2024 21:16:17:220  INFO - Node Entry | session id:sess9481923 | QatarIVR:SetFetchTimeout | Framework | SetFetchTimeout |  |  | undefined
01/01/2024 21:16:17:276  INFO - Node Entry | session id:sess9481923 | QatarIVR:DynamicFetchNode | Framework | DynamicFetchNode |  |  | undefined
01/01/2024 21:16:17:328  INFO - Node Entry | session id:sess9481923 | QatarIVR:DynamicData | Framework | DynamicData |  |  | undefined
01/01/2024 21:16:20:579  INFO - Node Entry | session id:sess9481923 | QatarIVR:SetFetchTimeout | Framework | SetFetchTimeout |  |  | undefined
01/01/2024 21:16:20:644  INFO - Node Entry | session id:sess9481923 | QatarIVR:DynamicFetchNode | Framework | DynamicFetchNode |  |  | undefined
01/01/2024 21:16:20:697  INFO - Node Entry | session id:sess9481923 | QatarIVR:PreAnnouncement | Framework | PreAnnouncement |  |  | undefined
01/01/2024 21:16:20:779  INFO - Node Entry | session id:sess9481923 | QatarIVR:DynamicAnnouncement | Framework | DynamicAnnouncement |  |  | undefined
01/01/2024 21:16:23:927  INFO - Node Entry | session id:sess9481923 | QatarIVR:PostAnnouncement | Framework | PostAnnouncement |  |  | undefined
01/01/2024 21:16:23:978  INFO - Node Entry | session id:sess9481923 | QatarIVR:DynamicFetchNode | Framework | DynamicFetchNode |  |  | undefined
01/01/2024 21:16:24:029  INFO - Node Entry | session id:sess9481923 | QatarIVR:DynamicData | Framework | DynamicData |  |  | undefined
01/01/2024 21:16:24:082  INFO - Node Entry | session id:sess9481923 | QatarIVR:SetFetchTimeout | Framework | SetFetchTimeout |  |  | undefined
01/01/2024 21:16:24:144  INFO - Node Entry | session id:sess9481923 | QatarIVR:DynamicFetchNode | Framework | DynamicFetchNode |  |  | undefined
01/01/2024 21:16:24:197  INFO - Node Entry | session id:sess9481923 | QatarIVR:PreAnnouncement | Framework | PreAnnouncement |  |  | undefined
01/01/2024 21:16:24:251  INFO - Node Entry | session id:sess9481923 | QatarIVR:DynamicAnnouncement | Framework | DynamicAnnouncement |  |  | undefined
01/01/2024 21:16:24:317  INFO - Node Entry | session id:sess9481923 | QatarIVR:PostAnnouncement | Framework | PostAnnouncement |  |  | undefined
01/01/2024 21:16:24:370  INFO - Node Entry | session id:sess9481923 | QatarIVR:DynamicFetchNode | Framework | DynamicFetchNode |  |  | undefined
01/01/2024 21:16:24:422  INFO - Node Entry | session id:sess9481923 | QatarIVR:DynamicData | Framework | DynamicData |  |  | undefined
01/01/2024 21:16:24:476  INFO - Node Entry | session id:sess9481923 | QatarIVR:SetFetchTimeout | Framework | SetFetchTimeout |  |  | undefined
01/01/2024 21:16:24:532  INFO - Node Entry | session id:sess9481923 | QatarIVR:DynamicFetchNode | Framework | DynamicFetchNode |  |  | undefined
01/01/2024 21:16:24:584  INFO - Node Entry | session id:sess9481923 | QatarIVR:DynamicData | Framework | DynamicData |  |  | undefined
01/01/2024 21:16:24:638  INFO - Node Entry | session id:sess9481923 | QatarIVR:SetFetchTimeout | Framework | SetFetchTimeout |  |  | undefined
01/01/2024 21:16:24:698  INFO - Node Entry | session id:sess9481923 | QatarIVR:DynamicFetchNode | Framework | DynamicFetchNode |  |  | undefined
01/01/2024 21:16:24:750  INFO - Node Entry | session id:sess9481923 | QatarIVR:DynamicData | Framework | DynamicData |  |  | undefined
01/01/2024 21:16:24:808  INFO - Node Entry | session id:sess9481923 | QatarIVR:SetFetchTimeout | Framework | SetFetchTimeout |  |  | undefined
01/01/2024 21:16:24:870  INFO - Node Entry | session id:sess9481923 | QatarIVR:DynamicFetchNode | Framework | DynamicFetchNode |  |  | undefined
01/01/2024 21:16:24:922  INFO - Node Entry | session id:sess9481923 | QatarIVR:DynamicData | Framework | DynamicData |  |  | undefined
01/01/2024 21:16:24:975  INFO - Node Entry | session id:sess9481923 | QatarIVR:SetFetchTimeout | Framework | SetFetchTimeout |  |  | undefined
01/01/2024 21:16:25:031  INFO - Node Entry | session id:sess9481923 | QatarIVR:DynamicFetchNode | Framework | DynamicFetchNode |  |  | undefined
01/01/2024 21:16:25:085  INFO - Node Entry | session id:sess9481923 | QatarIVR:DynamicData | Framework | DynamicData |  |  | undefined
01/01/2024 21:16:25:136  INFO - Node Entry | session id:sess9481923 | QatarIVR:SetFetchTimeout | Framework | SetFetchTimeout |  |  | undefined
01/01/2024 21:16:25:190  INFO - Node Entry | session id:sess9481923 | QatarIVR:DynamicFetchNode | Framework | DynamicFetchNode |  |  | undefined
01/01/2024 21:16:25:243  INFO - Node Entry | session id:sess9481923 | QatarIVR:PreMenu | Framework | PreMenu |  |  | undefined
01/01/2024 21:16:25:294  INFO - Node Entry | session id:sess9481923 | QatarIVR:DynamicMenu | Framework | DynamicMenu |  |  | undefined
01/01/2024 21:16:26:954  INFO - Node Entry | session id:sess9481923 | QatarIVR:PostMenu | Framework | PostMenu | DynamicMenu___utterance | 1^0.949999988079071^0^0 | undefined
01/01/2024 21:16:27:008  INFO - Node Entry | session id:sess9481923 | QatarIVR:DynamicFetchNode | Framework | DynamicFetchNode |  |  | undefined
01/01/2024 21:16:27:058  INFO - Node Entry | session id:sess9481923 | QatarIVR:PrePC | Framework | PrePC |  |  | undefined
01/01/2024 21:16:27:110  INFO - Node Entry | session id:sess9481923 | QatarIVR:DynamicPC | Framework | DynamicPC |  |  | undefined
01/01/2024 21:16:33:022  INFO - Node Entry | session id:sess9481923 | QatarIVR:RestrictCarryForwardDTMF | Framework | RestrictCarryForwardDTMF | DynamicPC___utterance | 555888777^0.949999988079071^0^0 | undefined
01/01/2024 21:16:33:090  INFO - Node Entry | session id:sess9481923 | QatarIVR:PostPC | Framework | PostPC |  |  | undefined
01/01/2024 21:16:33:141  INFO - Node Entry | session id:sess9481923 | QatarIVR:DynamicFetchNode | Framework | DynamicFetchNode |  |  | undefined
01/01/2024 21:16:33:193  INFO - Node Entry | session id:sess9481923 | QatarIVR:DynamicData | Framework | DynamicData |  |  | undefined
01/01/2024 21:16:33:581  INFO - Node Entry | session id:sess9481923 | QatarIVR:SetFetchTimeout | Framework | SetFetchTimeout |  |  | undefined
01/01/2024 21:16:33:641  INFO - Node Entry | session id:sess9481923 | QatarIVR:DynamicFetchNode | Framework | DynamicFetchNode |  |  | undefined
01/01/2024 21:16:33:693  INFO - Node Entry | session id:sess9481923 | QatarIVR:DynamicData | Framework | DynamicData |  |  | undefined
01/01/2024 21:16:33:744  INFO - Node Entry | session id:sess9481923 | QatarIVR:SetFetchTimeout | Framework | SetFetchTimeout |  |  | undefined
01/01/2024 21:16:33:799  INFO - Node Entry | session id:sess9481923 | QatarIVR:DynamicFetchNode | Framework | DynamicFetchNode |  |  | undefined
01/01/2024 21:16:33:850  INFO - Node Entry | session id:sess9481923 | QatarIVR:DynamicData | Framework | DynamicData |  |  | undefined
01/01/2024 21:16:33:902  INFO - Node Entry | session id:sess9481923 | QatarIVR:SetFetchTimeout | Framework | SetFetchTimeout |  |  | undefined
01/01/2024 21:16:33:959  INFO - Node Entry | session id:sess9481923 | QatarIVR:DynamicFetchNode | Framework | DynamicFetchNode |  |  | undefined
01/01/2024 21:16:34:009  INFO - Node Entry | session id:sess9481923 | QatarIVR:PreAnnouncement | Framework | PreAnnouncement |  |  | undefined
01/01/2024 21:16:34:061  INFO - Node Entry | session id:sess9481923 | QatarIVR:DynamicAnnouncement | Framework | DynamicAnnouncement |  |  | undefined
01/01/2024 21:16:35:776  INFO - Node Entry | session id:sess9481923 | QatarIVR:PostAnnouncement | Framework | PostAnnouncement |  |  | undefined
01/01/2024 21:16:35:828  INFO - Node Entry | session id:sess9481923 | QatarIVR:DynamicFetchNode | Framework | DynamicFetchNode |  |  | undefined
01/01/2024 21:16:35:881  INFO - Node Entry | session id:sess9481923 | QatarIVR:PreMenu | Framework | PreMenu |  |  | undefined
01/01/2024 21:16:35:934  INFO - Node Entry | session id:sess9481923 | QatarIVR:DynamicMenu | Framework | DynamicMenu |  |  | undefined
01/01/2024 21:16:36:000  INFO - Node Entry | session id:sess9481923 | QatarIVR:ConDisconnectHangup | Framework | ConDisconnectHangup |  |  | undefined
01/01/2024 21:16:36:053  INFO - Node Entry | session id:sess9481923 | QatarIVR:IsCallHistoryInserted | Framework | IsCallHistoryInserted |  |  | undefined
01/01/2024 21:16:36:105  INFO - Node Entry | session id:sess9481923 | QatarIVR:InsertCallHistory | Framework | InsertCallHistory |  |  | undefined
01/01/2024 21:16:36:162  INFO - Node Entry | session id:sess9481923 | QatarIVR:Disconnect | Framework | Disconnect |  |  | undefined
01/01/2024 21:16:36:215  INFO - Node Entry | session id:sess9481923 | QatarIVR:CallDisconnect | Framework | CallDisconnect |  |  | undefined
01/01/2024 21:16:36:273  INFO - Node Entry | session id:sess9481923 | QatarIVR:Exit | Framework | Exit |  | ^^0^0 | undefined
01/01/2024 21:16:36:275  INFO - Application Exit | session id:sess9481923 | QatarIVR:Exit | Framework | Application Exiting |  |  | undefined
